{"C:\\Users\\lenovo\\OneDrive\\Desktop\\conzumex\\src\\app.ts": {"path":"C:\\Users\\lenovo\\OneDrive\\Desktop\\conzumex\\src\\app.ts","statementMap":{"0":{"start":{"line":1,"column":0},"end":{"line":1,"column":30}},"1":{"start":{"line":2,"column":0},"end":{"line":2,"column":28}},"2":{"start":{"line":3,"column":0},"end":{"line":3,"column":43}},"3":{"start":{"line":4,"column":0},"end":{"line":4,"column":46}},"4":{"start":{"line":5,"column":0},"end":{"line":5,"column":50}},"5":{"start":{"line":6,"column":0},"end":{"line":6,"column":60}},"6":{"start":{"line":7,"column":0},"end":{"line":7,"column":61}},"7":{"start":{"line":8,"column":0},"end":{"line":8,"column":66}},"8":{"start":{"line":9,"column":0},"end":{"line":9,"column":47}},"9":{"start":{"line":11,"column":12},"end":{"line":11,"column":21}},"10":{"start":{"line":13,"column":0},"end":{"line":13,"column":18}},"11":{"start":{"line":14,"column":0},"end":{"line":14,"column":21}},"12":{"start":{"line":15,"column":0},"end":{"line":15,"column":24}},"13":{"start":{"line":16,"column":0},"end":{"line":16,"column":68}},"14":{"start":{"line":17,"column":0},"end":{"line":17,"column":33}},"15":{"start":{"line":18,"column":0},"end":{"line":18,"column":38}},"16":{"start":{"line":19,"column":0},"end":{"line":19,"column":48}},"17":{"start":{"line":20,"column":0},"end":{"line":20,"column":22}},"18":{"start":{"line":22,"column":0},"end":{"line":22,"column":19}}},"fnMap":{},"branchMap":{},"s":{"0":1,"1":1,"2":1,"3":1,"4":1,"5":1,"6":1,"7":1,"8":1,"9":1,"10":1,"11":1,"12":1,"13":1,"14":1,"15":1,"16":1,"17":1,"18":1},"f":{},"b":{}}
,"C:\\Users\\lenovo\\OneDrive\\Desktop\\conzumex\\src\\config\\db.ts": {"path":"C:\\Users\\lenovo\\OneDrive\\Desktop\\conzumex\\src\\config\\db.ts","statementMap":{"0":{"start":{"line":1,"column":0},"end":{"line":1,"column":35}},"1":{"start":{"line":2,"column":0},"end":{"line":2,"column":28}},"2":{"start":{"line":3,"column":0},"end":{"line":3,"column":37}},"3":{"start":{"line":5,"column":13},"end":{"line":11,"column":2}},"4":{"start":{"line":13,"column":17},"end":{"line":21,"column":2}},"5":{"start":{"line":23,"column":13},"end":{"line":32,"column":3}},"6":{"start":{"line":34,"column":29},"end":{"line":42,"column":1}},"7":{"start":{"line":35,"column":21},"end":{"line":35,"column":51}},"8":{"start":{"line":36,"column":2},"end":{"line":41,"column":3}},"9":{"start":{"line":37,"column":4},"end":{"line":37,"column":87}},"10":{"start":{"line":39,"column":4},"end":{"line":39,"column":25}},"11":{"start":{"line":40,"column":4},"end":{"line":40,"column":25}},"12":{"start":{"line":44,"column":31},"end":{"line":55,"column":1}},"13":{"start":{"line":45,"column":2},"end":{"line":54,"column":3}},"14":{"start":{"line":46,"column":4},"end":{"line":46,"column":33}},"15":{"start":{"line":47,"column":23},"end":{"line":47,"column":49}},"16":{"start":{"line":48,"column":4},"end":{"line":48,"column":28}},"17":{"start":{"line":49,"column":4},"end":{"line":49,"column":25}},"18":{"start":{"line":50,"column":4},"end":{"line":50,"column":75}},"19":{"start":{"line":52,"column":4},"end":{"line":52,"column":83}},"20":{"start":{"line":53,"column":4},"end":{"line":53,"column":29}},"21":{"start":{"line":44,"column":13},"end":{"line":44,"column":31}},"22":{"start":{"line":57,"column":34},"end":{"line":118,"column":1}},"23":{"start":{"line":58,"column":21},"end":{"line":58,"column":47}},"24":{"start":{"line":59,"column":2},"end":{"line":117,"column":3}},"25":{"start":{"line":60,"column":4},"end":{"line":67,"column":7}},"26":{"start":{"line":69,"column":4},"end":{"line":79,"column":7}},"27":{"start":{"line":81,"column":4},"end":{"line":89,"column":7}},"28":{"start":{"line":91,"column":4},"end":{"line":102,"column":7}},"29":{"start":{"line":104,"column":4},"end":{"line":112,"column":7}},"30":{"start":{"line":114,"column":4},"end":{"line":114,"column":44}},"31":{"start":{"line":116,"column":4},"end":{"line":116,"column":25}},"32":{"start":{"line":57,"column":13},"end":{"line":57,"column":34}}},"fnMap":{"0":{"name":"(anonymous_1)","decl":{"start":{"line":34,"column":29},"end":{"line":34,"column":34}},"loc":{"start":{"line":34,"column":40},"end":{"line":42,"column":1}}},"1":{"name":"(anonymous_2)","decl":{"start":{"line":44,"column":31},"end":{"line":44,"column":36}},"loc":{"start":{"line":44,"column":42},"end":{"line":55,"column":1}}},"2":{"name":"(anonymous_3)","decl":{"start":{"line":57,"column":34},"end":{"line":57,"column":39}},"loc":{"start":{"line":57,"column":45},"end":{"line":118,"column":1}}}},"branchMap":{},"s":{"0":1,"1":1,"2":1,"3":1,"4":1,"5":1,"6":1,"7":0,"8":0,"9":0,"10":0,"11":0,"12":1,"13":0,"14":0,"15":0,"16":0,"17":0,"18":0,"19":0,"20":0,"21":1,"22":1,"23":0,"24":0,"25":0,"26":0,"27":0,"28":0,"29":0,"30":0,"31":0,"32":1},"f":{"0":0,"1":0,"2":0},"b":{}}
,"C:\\Users\\lenovo\\OneDrive\\Desktop\\conzumex\\src\\config\\env.ts": {"path":"C:\\Users\\lenovo\\OneDrive\\Desktop\\conzumex\\src\\config\\env.ts","statementMap":{"0":{"start":{"line":1,"column":0},"end":{"line":1,"column":28}},"1":{"start":{"line":2,"column":0},"end":{"line":2,"column":24}},"2":{"start":{"line":4,"column":0},"end":{"line":4,"column":61}},"3":{"start":{"line":6,"column":13},"end":{"line":18,"column":2}}},"fnMap":{},"branchMap":{"0":{"loc":{"start":{"line":7,"column":11},"end":{"line":7,"column":48}},"type":"binary-expr","locations":[{"start":{"line":7,"column":11},"end":{"line":7,"column":31}},{"start":{"line":7,"column":35},"end":{"line":7,"column":48}}]},"1":{"loc":{"start":{"line":8,"column":8},"end":{"line":8,"column":34}},"type":"binary-expr","locations":[{"start":{"line":8,"column":8},"end":{"line":8,"column":24}},{"start":{"line":8,"column":28},"end":{"line":8,"column":34}}]},"2":{"loc":{"start":{"line":9,"column":10},"end":{"line":9,"column":44}},"type":"binary-expr","locations":[{"start":{"line":9,"column":10},"end":{"line":9,"column":29}},{"start":{"line":9,"column":33},"end":{"line":9,"column":44}}]},"3":{"loc":{"start":{"line":10,"column":10},"end":{"line":10,"column":39}},"type":"binary-expr","locations":[{"start":{"line":10,"column":10},"end":{"line":10,"column":29}},{"start":{"line":10,"column":33},"end":{"line":10,"column":39}}]},"4":{"loc":{"start":{"line":11,"column":10},"end":{"line":11,"column":39}},"type":"binary-expr","locations":[{"start":{"line":11,"column":10},"end":{"line":11,"column":29}},{"start":{"line":11,"column":33},"end":{"line":11,"column":39}}]},"5":{"loc":{"start":{"line":12,"column":14},"end":{"line":12,"column":43}},"type":"binary-expr","locations":[{"start":{"line":12,"column":14},"end":{"line":12,"column":37}},{"start":{"line":12,"column":41},"end":{"line":12,"column":43}}]},"6":{"loc":{"start":{"line":13,"column":10},"end":{"line":13,"column":43}},"type":"binary-expr","locations":[{"start":{"line":13,"column":10},"end":{"line":13,"column":29}},{"start":{"line":13,"column":33},"end":{"line":13,"column":43}}]},"7":{"loc":{"start":{"line":14,"column":12},"end":{"line":14,"column":61}},"type":"binary-expr","locations":[{"start":{"line":14,"column":12},"end":{"line":14,"column":33}},{"start":{"line":14,"column":37},"end":{"line":14,"column":61}}]},"8":{"loc":{"start":{"line":15,"column":13},"end":{"line":15,"column":50}},"type":"binary-expr","locations":[{"start":{"line":15,"column":13},"end":{"line":15,"column":35}},{"start":{"line":15,"column":39},"end":{"line":15,"column":50}}]},"9":{"loc":{"start":{"line":16,"column":28},"end":{"line":16,"column":71}},"type":"binary-expr","locations":[{"start":{"line":16,"column":28},"end":{"line":16,"column":60}},{"start":{"line":16,"column":64},"end":{"line":16,"column":71}}]},"10":{"loc":{"start":{"line":17,"column":23},"end":{"line":17,"column":58}},"type":"binary-expr","locations":[{"start":{"line":17,"column":23},"end":{"line":17,"column":49}},{"start":{"line":17,"column":53},"end":{"line":17,"column":58}}]}},"s":{"0":1,"1":1,"2":1,"3":1},"f":{},"b":{"0":[1,0],"1":[1,0],"2":[1,0],"3":[1,0],"4":[1,0],"5":[1,0],"6":[1,0],"7":[1,0],"8":[1,0],"9":[1,0],"10":[1,0]}}
,"C:\\Users\\lenovo\\OneDrive\\Desktop\\conzumex\\src\\config\\redis.ts": {"path":"C:\\Users\\lenovo\\OneDrive\\Desktop\\conzumex\\src\\config\\redis.ts","statementMap":{"0":{"start":{"line":1,"column":0},"end":{"line":1,"column":28}},"1":{"start":{"line":2,"column":0},"end":{"line":2,"column":28}},"2":{"start":{"line":3,"column":0},"end":{"line":3,"column":37}},"3":{"start":{"line":5,"column":13},"end":{"line":15,"column":3}},"4":{"start":{"line":10,"column":4},"end":{"line":10,"column":16}},"5":{"start":{"line":13,"column":4},"end":{"line":13,"column":17}},"6":{"start":{"line":17,"column":0},"end":{"line":26,"column":3}},"7":{"start":{"line":18,"column":2},"end":{"line":18,"column":46}},"8":{"start":{"line":19,"column":2},"end":{"line":25,"column":3}},"9":{"start":{"line":20,"column":4},"end":{"line":24,"column":5}},"10":{"start":{"line":21,"column":6},"end":{"line":21,"column":31}},"11":{"start":{"line":28,"column":0},"end":{"line":30,"column":3}},"12":{"start":{"line":29,"column":2},"end":{"line":29,"column":40}},"13":{"start":{"line":32,"column":28},"end":{"line":50,"column":1}},"14":{"start":{"line":33,"column":2},"end":{"line":36,"column":3}},"15":{"start":{"line":34,"column":4},"end":{"line":34,"column":70}},"16":{"start":{"line":35,"column":4},"end":{"line":35,"column":11}},"17":{"start":{"line":38,"column":2},"end":{"line":49,"column":3}},"18":{"start":{"line":39,"column":4},"end":{"line":39,"column":32}},"19":{"start":{"line":40,"column":4},"end":{"line":40,"column":29}},"20":{"start":{"line":41,"column":4},"end":{"line":41,"column":57}},"21":{"start":{"line":43,"column":4},"end":{"line":43,"column":69}},"22":{"start":{"line":44,"column":4},"end":{"line":48,"column":5}},"23":{"start":{"line":45,"column":6},"end":{"line":45,"column":37}},"24":{"start":{"line":32,"column":13},"end":{"line":32,"column":28}}},"fnMap":{"0":{"name":"(anonymous_1)","decl":{"start":{"line":9,"column":2},"end":{"line":9,"column":15}},"loc":{"start":{"line":9,"column":15},"end":{"line":11,"column":3}}},"1":{"name":"(anonymous_2)","decl":{"start":{"line":12,"column":2},"end":{"line":12,"column":18}},"loc":{"start":{"line":12,"column":18},"end":{"line":14,"column":3}}},"2":{"name":"(anonymous_3)","decl":{"start":{"line":17,"column":24},"end":{"line":17,"column":25}},"loc":{"start":{"line":17,"column":34},"end":{"line":26,"column":1}}},"3":{"name":"(anonymous_4)","decl":{"start":{"line":28,"column":26},"end":{"line":28,"column":29}},"loc":{"start":{"line":28,"column":31},"end":{"line":30,"column":1}}},"4":{"name":"(anonymous_5)","decl":{"start":{"line":32,"column":28},"end":{"line":32,"column":33}},"loc":{"start":{"line":32,"column":39},"end":{"line":50,"column":1}}}},"branchMap":{"0":{"loc":{"start":{"line":19,"column":2},"end":{"line":25,"column":3}},"type":"if","locations":[{"start":{"line":19,"column":2},"end":{"line":25,"column":3}}]},"1":{"loc":{"start":{"line":33,"column":2},"end":{"line":36,"column":3}},"type":"if","locations":[{"start":{"line":33,"column":2},"end":{"line":36,"column":3}}]}},"s":{"0":1,"1":1,"2":1,"3":1,"4":0,"5":0,"6":1,"7":0,"8":0,"9":0,"10":0,"11":1,"12":0,"13":1,"14":0,"15":0,"16":0,"17":0,"18":0,"19":0,"20":0,"21":0,"22":0,"23":0,"24":1},"f":{"0":0,"1":0,"2":0,"3":0,"4":0},"b":{"0":[0],"1":[0]}}
,"C:\\Users\\lenovo\\OneDrive\\Desktop\\conzumex\\src\\config\\swagger.ts": {"path":"C:\\Users\\lenovo\\OneDrive\\Desktop\\conzumex\\src\\config\\swagger.ts","statementMap":{"0":{"start":{"line":2,"column":0},"end":{"line":2,"column":41}},"1":{"start":{"line":3,"column":0},"end":{"line":3,"column":28}},"2":{"start":{"line":5,"column":37},"end":{"line":5,"column":58}},"3":{"start":{"line":7,"column":0},"end":{"line":7,"column":46}},"4":{"start":{"line":9,"column":16},"end":{"line":30,"column":2}},"5":{"start":{"line":32,"column":13},"end":{"line":32,"column":49}},"6":{"start":{"line":34,"column":0},"end":{"line":37,"column":2}}},"fnMap":{},"branchMap":{"0":{"loc":{"start":{"line":36,"column":15},"end":{"line":36,"column":46}},"type":"binary-expr","locations":[{"start":{"line":36,"column":15},"end":{"line":36,"column":40}},{"start":{"line":36,"column":44},"end":{"line":36,"column":46}}]}},"s":{"0":1,"1":1,"2":1,"3":1,"4":1,"5":1,"6":1},"f":{},"b":{"0":[1,0]}}
,"C:\\Users\\lenovo\\OneDrive\\Desktop\\conzumex\\src\\controllers\\auth.controller.ts": {"path":"C:\\Users\\lenovo\\OneDrive\\Desktop\\conzumex\\src\\controllers\\auth.controller.ts","statementMap":{"0":{"start":{"line":2,"column":0},"end":{"line":2,"column":55}},"1":{"start":{"line":4,"column":20},"end":{"line":4,"column":37}},"2":{"start":{"line":6,"column":24},"end":{"line":13,"column":1}},"3":{"start":{"line":7,"column":2},"end":{"line":12,"column":3}},"4":{"start":{"line":8,"column":17},"end":{"line":8,"column":53}},"5":{"start":{"line":9,"column":4},"end":{"line":9,"column":31}},"6":{"start":{"line":11,"column":4},"end":{"line":11,"column":16}},"7":{"start":{"line":6,"column":13},"end":{"line":6,"column":24}},"8":{"start":{"line":15,"column":21},"end":{"line":22,"column":1}},"9":{"start":{"line":16,"column":2},"end":{"line":21,"column":3}},"10":{"start":{"line":17,"column":18},"end":{"line":17,"column":51}},"11":{"start":{"line":18,"column":4},"end":{"line":18,"column":24}},"12":{"start":{"line":20,"column":4},"end":{"line":20,"column":16}},"13":{"start":{"line":15,"column":13},"end":{"line":15,"column":21}}},"fnMap":{"0":{"name":"(anonymous_0)","decl":{"start":{"line":6,"column":24},"end":{"line":6,"column":29}},"loc":{"start":{"line":6,"column":82},"end":{"line":13,"column":1}}},"1":{"name":"(anonymous_1)","decl":{"start":{"line":15,"column":21},"end":{"line":15,"column":26}},"loc":{"start":{"line":15,"column":79},"end":{"line":22,"column":1}}}},"branchMap":{},"s":{"0":1,"1":1,"2":1,"3":4,"4":4,"5":4,"6":0,"7":1,"8":1,"9":4,"10":4,"11":4,"12":0,"13":1},"f":{"0":4,"1":4},"b":{}}
,"C:\\Users\\lenovo\\OneDrive\\Desktop\\conzumex\\src\\controllers\\transaction.controller.ts": {"path":"C:\\Users\\lenovo\\OneDrive\\Desktop\\conzumex\\src\\controllers\\transaction.controller.ts","statementMap":{"0":{"start":{"line":2,"column":0},"end":{"line":2,"column":69}},"1":{"start":{"line":4,"column":27},"end":{"line":4,"column":51}},"2":{"start":{"line":6,"column":32},"end":{"line":13,"column":1}},"3":{"start":{"line":7,"column":2},"end":{"line":12,"column":3}},"4":{"start":{"line":8,"column":25},"end":{"line":8,"column":76}},"5":{"start":{"line":9,"column":4},"end":{"line":9,"column":27}},"6":{"start":{"line":11,"column":4},"end":{"line":11,"column":16}},"7":{"start":{"line":6,"column":13},"end":{"line":6,"column":32}},"8":{"start":{"line":15,"column":39},"end":{"line":22,"column":1}},"9":{"start":{"line":16,"column":2},"end":{"line":21,"column":3}},"10":{"start":{"line":17,"column":25},"end":{"line":17,"column":99}},"11":{"start":{"line":18,"column":4},"end":{"line":18,"column":27}},"12":{"start":{"line":20,"column":4},"end":{"line":20,"column":16}},"13":{"start":{"line":15,"column":13},"end":{"line":15,"column":39}},"14":{"start":{"line":24,"column":33},"end":{"line":31,"column":1}},"15":{"start":{"line":25,"column":2},"end":{"line":30,"column":3}},"16":{"start":{"line":26,"column":24},"end":{"line":26,"column":79}},"17":{"start":{"line":27,"column":4},"end":{"line":27,"column":38}},"18":{"start":{"line":29,"column":4},"end":{"line":29,"column":16}},"19":{"start":{"line":24,"column":13},"end":{"line":24,"column":33}},"20":{"start":{"line":33,"column":40},"end":{"line":40,"column":1}},"21":{"start":{"line":34,"column":2},"end":{"line":39,"column":3}},"22":{"start":{"line":35,"column":24},"end":{"line":35,"column":110}},"23":{"start":{"line":36,"column":4},"end":{"line":36,"column":38}},"24":{"start":{"line":38,"column":4},"end":{"line":38,"column":16}},"25":{"start":{"line":33,"column":13},"end":{"line":33,"column":40}}},"fnMap":{"0":{"name":"(anonymous_0)","decl":{"start":{"line":6,"column":32},"end":{"line":6,"column":37}},"loc":{"start":{"line":6,"column":90},"end":{"line":13,"column":1}}},"1":{"name":"(anonymous_1)","decl":{"start":{"line":15,"column":39},"end":{"line":15,"column":44}},"loc":{"start":{"line":15,"column":97},"end":{"line":22,"column":1}}},"2":{"name":"(anonymous_2)","decl":{"start":{"line":24,"column":33},"end":{"line":24,"column":38}},"loc":{"start":{"line":24,"column":91},"end":{"line":31,"column":1}}},"3":{"name":"(anonymous_3)","decl":{"start":{"line":33,"column":40},"end":{"line":33,"column":45}},"loc":{"start":{"line":33,"column":98},"end":{"line":40,"column":1}}}},"branchMap":{},"s":{"0":1,"1":1,"2":1,"3":1,"4":1,"5":1,"6":0,"7":1,"8":1,"9":1,"10":1,"11":1,"12":0,"13":1,"14":1,"15":4,"16":4,"17":3,"18":1,"19":1,"20":1,"21":1,"22":1,"23":1,"24":0,"25":1},"f":{"0":1,"1":1,"2":4,"3":1},"b":{}}
,"C:\\Users\\lenovo\\OneDrive\\Desktop\\conzumex\\src\\controllers\\wallet.controller.ts": {"path":"C:\\Users\\lenovo\\OneDrive\\Desktop\\conzumex\\src\\controllers\\wallet.controller.ts","statementMap":{"0":{"start":{"line":2,"column":0},"end":{"line":2,"column":59}},"1":{"start":{"line":4,"column":22},"end":{"line":4,"column":41}},"2":{"start":{"line":6,"column":25},"end":{"line":13,"column":1}},"3":{"start":{"line":7,"column":2},"end":{"line":12,"column":3}},"4":{"start":{"line":8,"column":19},"end":{"line":8,"column":70}},"5":{"start":{"line":9,"column":4},"end":{"line":9,"column":21}},"6":{"start":{"line":11,"column":4},"end":{"line":11,"column":16}},"7":{"start":{"line":6,"column":13},"end":{"line":6,"column":25}},"8":{"start":{"line":15,"column":28},"end":{"line":22,"column":1}},"9":{"start":{"line":16,"column":2},"end":{"line":21,"column":3}},"10":{"start":{"line":17,"column":19},"end":{"line":17,"column":75}},"11":{"start":{"line":18,"column":4},"end":{"line":18,"column":33}},"12":{"start":{"line":20,"column":4},"end":{"line":20,"column":16}},"13":{"start":{"line":15,"column":13},"end":{"line":15,"column":28}},"14":{"start":{"line":24,"column":32},"end":{"line":31,"column":1}},"15":{"start":{"line":25,"column":2},"end":{"line":30,"column":3}},"16":{"start":{"line":26,"column":19},"end":{"line":26,"column":69}},"17":{"start":{"line":27,"column":4},"end":{"line":27,"column":21}},"18":{"start":{"line":29,"column":4},"end":{"line":29,"column":16}},"19":{"start":{"line":24,"column":13},"end":{"line":24,"column":32}},"20":{"start":{"line":33,"column":33},"end":{"line":40,"column":1}},"21":{"start":{"line":34,"column":2},"end":{"line":39,"column":3}},"22":{"start":{"line":35,"column":18},"end":{"line":35,"column":69}},"23":{"start":{"line":36,"column":4},"end":{"line":36,"column":36}},"24":{"start":{"line":38,"column":4},"end":{"line":38,"column":16}},"25":{"start":{"line":33,"column":13},"end":{"line":33,"column":33}},"26":{"start":{"line":42,"column":32},"end":{"line":49,"column":1}},"27":{"start":{"line":43,"column":2},"end":{"line":48,"column":3}},"28":{"start":{"line":44,"column":19},"end":{"line":44,"column":87}},"29":{"start":{"line":45,"column":4},"end":{"line":45,"column":21}},"30":{"start":{"line":47,"column":4},"end":{"line":47,"column":16}},"31":{"start":{"line":42,"column":13},"end":{"line":42,"column":32}}},"fnMap":{"0":{"name":"(anonymous_0)","decl":{"start":{"line":6,"column":25},"end":{"line":6,"column":30}},"loc":{"start":{"line":6,"column":83},"end":{"line":13,"column":1}}},"1":{"name":"(anonymous_1)","decl":{"start":{"line":15,"column":28},"end":{"line":15,"column":33}},"loc":{"start":{"line":15,"column":86},"end":{"line":22,"column":1}}},"2":{"name":"(anonymous_2)","decl":{"start":{"line":24,"column":32},"end":{"line":24,"column":37}},"loc":{"start":{"line":24,"column":90},"end":{"line":31,"column":1}}},"3":{"name":"(anonymous_3)","decl":{"start":{"line":33,"column":33},"end":{"line":33,"column":38}},"loc":{"start":{"line":33,"column":91},"end":{"line":40,"column":1}}},"4":{"name":"(anonymous_4)","decl":{"start":{"line":42,"column":32},"end":{"line":42,"column":37}},"loc":{"start":{"line":42,"column":90},"end":{"line":49,"column":1}}}},"branchMap":{},"s":{"0":1,"1":1,"2":1,"3":1,"4":1,"5":1,"6":0,"7":1,"8":1,"9":3,"10":3,"11":2,"12":1,"13":1,"14":1,"15":1,"16":1,"17":1,"18":0,"19":1,"20":1,"21":3,"22":3,"23":2,"24":1,"25":1,"26":1,"27":2,"28":2,"29":1,"30":1,"31":1},"f":{"0":1,"1":3,"2":1,"3":3,"4":2},"b":{}}
,"C:\\Users\\lenovo\\OneDrive\\Desktop\\conzumex\\src\\middleware\\auth.middleware.ts": {"path":"C:\\Users\\lenovo\\OneDrive\\Desktop\\conzumex\\src\\middleware\\auth.middleware.ts","statementMap":{"0":{"start":{"line":2,"column":0},"end":{"line":2,"column":43}},"1":{"start":{"line":4,"column":28},"end":{"line":19,"column":1}},"2":{"start":{"line":5,"column":21},"end":{"line":5,"column":46}},"3":{"start":{"line":6,"column":16},"end":{"line":6,"column":41}},"4":{"start":{"line":8,"column":2},"end":{"line":10,"column":3}},"5":{"start":{"line":9,"column":4},"end":{"line":9,"column":61}},"6":{"start":{"line":12,"column":2},"end":{"line":18,"column":3}},"7":{"start":{"line":13,"column":20},"end":{"line":13,"column":38}},"8":{"start":{"line":14,"column":4},"end":{"line":14,"column":23}},"9":{"start":{"line":15,"column":4},"end":{"line":15,"column":11}},"10":{"start":{"line":17,"column":4},"end":{"line":17,"column":55}},"11":{"start":{"line":4,"column":13},"end":{"line":4,"column":28}}},"fnMap":{"0":{"name":"(anonymous_0)","decl":{"start":{"line":4,"column":28},"end":{"line":4,"column":29}},"loc":{"start":{"line":4,"column":80},"end":{"line":19,"column":1}}}},"branchMap":{"0":{"loc":{"start":{"line":8,"column":2},"end":{"line":10,"column":3}},"type":"if","locations":[{"start":{"line":8,"column":2},"end":{"line":10,"column":3}}]}},"s":{"0":1,"1":1,"2":18,"3":18,"4":18,"5":1,"6":17,"7":17,"8":17,"9":17,"10":0,"11":1},"f":{"0":18},"b":{"0":[1]}}
,"C:\\Users\\lenovo\\OneDrive\\Desktop\\conzumex\\src\\middleware\\error.middleware.ts": {"path":"C:\\Users\\lenovo\\OneDrive\\Desktop\\conzumex\\src\\middleware\\error.middleware.ts","statementMap":{"0":{"start":{"line":2,"column":0},"end":{"line":2,"column":37}},"1":{"start":{"line":4,"column":28},"end":{"line":21,"column":1}},"2":{"start":{"line":5,"column":2},"end":{"line":5,"column":47}},"3":{"start":{"line":7,"column":15},"end":{"line":7,"column":18}},"4":{"start":{"line":8,"column":18},"end":{"line":8,"column":56}},"5":{"start":{"line":10,"column":2},"end":{"line":18,"column":3}},"6":{"start":{"line":11,"column":4},"end":{"line":11,"column":17}},"7":{"start":{"line":12,"column":9},"end":{"line":18,"column":3}},"8":{"start":{"line":13,"column":4},"end":{"line":13,"column":17}},"9":{"start":{"line":14,"column":9},"end":{"line":18,"column":3}},"10":{"start":{"line":15,"column":4},"end":{"line":15,"column":17}},"11":{"start":{"line":16,"column":9},"end":{"line":18,"column":3}},"12":{"start":{"line":17,"column":4},"end":{"line":17,"column":17}},"13":{"start":{"line":20,"column":2},"end":{"line":20,"column":39}},"14":{"start":{"line":4,"column":13},"end":{"line":4,"column":28}}},"fnMap":{"0":{"name":"(anonymous_1)","decl":{"start":{"line":4,"column":28},"end":{"line":4,"column":29}},"loc":{"start":{"line":4,"column":90},"end":{"line":21,"column":1}}}},"branchMap":{"0":{"loc":{"start":{"line":8,"column":18},"end":{"line":8,"column":56}},"type":"binary-expr","locations":[{"start":{"line":8,"column":18},"end":{"line":8,"column":29}},{"start":{"line":8,"column":33},"end":{"line":8,"column":56}}]},"1":{"loc":{"start":{"line":10,"column":2},"end":{"line":18,"column":3}},"type":"if","locations":[{"start":{"line":10,"column":2},"end":{"line":18,"column":3}},{"start":{"line":12,"column":9},"end":{"line":18,"column":3}}]},"2":{"loc":{"start":{"line":10,"column":6},"end":{"line":10,"column":164}},"type":"binary-expr","locations":[{"start":{"line":10,"column":6},"end":{"line":10,"column":38}},{"start":{"line":10,"column":42},"end":{"line":10,"column":75}},{"start":{"line":10,"column":79},"end":{"line":10,"column":121}},{"start":{"line":10,"column":125},"end":{"line":10,"column":164}}]},"3":{"loc":{"start":{"line":12,"column":9},"end":{"line":18,"column":3}},"type":"if","locations":[{"start":{"line":12,"column":9},"end":{"line":18,"column":3}},{"start":{"line":14,"column":9},"end":{"line":18,"column":3}}]},"4":{"loc":{"start":{"line":14,"column":9},"end":{"line":18,"column":3}},"type":"if","locations":[{"start":{"line":14,"column":9},"end":{"line":18,"column":3}},{"start":{"line":16,"column":9},"end":{"line":18,"column":3}}]},"5":{"loc":{"start":{"line":14,"column":13},"end":{"line":14,"column":95}},"type":"binary-expr","locations":[{"start":{"line":14,"column":13},"end":{"line":14,"column":49}},{"start":{"line":14,"column":53},"end":{"line":14,"column":95}}]},"6":{"loc":{"start":{"line":16,"column":9},"end":{"line":18,"column":3}},"type":"if","locations":[{"start":{"line":16,"column":9},"end":{"line":18,"column":3}}]},"7":{"loc":{"start":{"line":16,"column":13},"end":{"line":16,"column":148}},"type":"binary-expr","locations":[{"start":{"line":16,"column":13},"end":{"line":16,"column":53}},{"start":{"line":16,"column":57},"end":{"line":16,"column":98}},{"start":{"line":16,"column":102},"end":{"line":16,"column":148}}]}},"s":{"0":1,"1":1,"2":4,"3":4,"4":4,"5":4,"6":0,"7":4,"8":1,"9":3,"10":1,"11":2,"12":2,"13":4,"14":1},"f":{"0":4},"b":{"0":[4,0],"1":[0,4],"2":[4,4,4,4],"3":[1,3],"4":[1,2],"5":[3,3],"6":[2],"7":[2,1,1]}}
,"C:\\Users\\lenovo\\OneDrive\\Desktop\\conzumex\\src\\middleware\\rateLimiter.middleware.ts": {"path":"C:\\Users\\lenovo\\OneDrive\\Desktop\\conzumex\\src\\middleware\\rateLimiter.middleware.ts","statementMap":{"0":{"start":{"line":1,"column":0},"end":{"line":1,"column":43}},"1":{"start":{"line":2,"column":0},"end":{"line":2,"column":36}},"2":{"start":{"line":4,"column":13},"end":{"line":10,"column":3}}},"fnMap":{},"branchMap":{},"s":{"0":1,"1":1,"2":1},"f":{},"b":{}}
,"C:\\Users\\lenovo\\OneDrive\\Desktop\\conzumex\\src\\middleware\\validation.middleware.ts": {"path":"C:\\Users\\lenovo\\OneDrive\\Desktop\\conzumex\\src\\middleware\\validation.middleware.ts","statementMap":{"0":{"start":{"line":2,"column":0},"end":{"line":2,"column":53}},"1":{"start":{"line":4,"column":31},"end":{"line":12,"column":1}},"2":{"start":{"line":5,"column":17},"end":{"line":5,"column":38}},"3":{"start":{"line":7,"column":2},"end":{"line":9,"column":3}},"4":{"start":{"line":8,"column":4},"end":{"line":8,"column":60}},"5":{"start":{"line":11,"column":2},"end":{"line":11,"column":9}},"6":{"start":{"line":4,"column":13},"end":{"line":4,"column":31}}},"fnMap":{"0":{"name":"(anonymous_0)","decl":{"start":{"line":4,"column":31},"end":{"line":4,"column":32}},"loc":{"start":{"line":4,"column":83},"end":{"line":12,"column":1}}}},"branchMap":{"0":{"loc":{"start":{"line":7,"column":2},"end":{"line":9,"column":3}},"type":"if","locations":[{"start":{"line":7,"column":2},"end":{"line":9,"column":3}}]}},"s":{"0":1,"1":1,"2":16,"3":16,"4":0,"5":16,"6":1},"f":{"0":16},"b":{"0":[0]}}
,"C:\\Users\\lenovo\\OneDrive\\Desktop\\conzumex\\src\\repositories\\transaction.repository.ts": {"path":"C:\\Users\\lenovo\\OneDrive\\Desktop\\conzumex\\src\\repositories\\transaction.repository.ts","statementMap":{"0":{"start":{"line":1,"column":0},"end":{"line":1,"column":36}},"1":{"start":{"line":2,"column":0},"end":{"line":2,"column":36}},"2":{"start":{"line":7,"column":19},"end":{"line":9,"column":null}},"3":{"start":{"line":12,"column":4},"end":{"line":15,"column":25}},"4":{"start":{"line":12,"column":30},"end":{"line":15,"column":6}},"5":{"start":{"line":19,"column":19},"end":{"line":21,"column":null}},"6":{"start":{"line":24,"column":4},"end":{"line":27,"column":25}},"7":{"start":{"line":24,"column":30},"end":{"line":27,"column":6}},"8":{"start":{"line":31,"column":19},"end":{"line":38,"column":null}},"9":{"start":{"line":41,"column":4},"end":{"line":44,"column":25}},"10":{"start":{"line":41,"column":30},"end":{"line":44,"column":6}},"11":{"start":{"line":48,"column":19},"end":{"line":48,"column":38}},"12":{"start":{"line":49,"column":23},"end":{"line":49,"column":49}},"13":{"start":{"line":51,"column":4},"end":{"line":98,"column":5}},"14":{"start":{"line":52,"column":6},"end":{"line":52,"column":42}},"15":{"start":{"line":54,"column":27},"end":{"line":56,"column":null}},"16":{"start":{"line":59,"column":6},"end":{"line":61,"column":7}},"17":{"start":{"line":60,"column":8},"end":{"line":60,"column":53}},"18":{"start":{"line":63,"column":23},"end":{"line":63,"column":39}},"19":{"start":{"line":64,"column":29},"end":{"line":64,"column":58}},"20":{"start":{"line":65,"column":25},"end":{"line":65,"column":48}},"21":{"start":{"line":67,"column":6},"end":{"line":69,"column":7}},"22":{"start":{"line":68,"column":8},"end":{"line":68,"column":48}},"23":{"start":{"line":71,"column":17},"end":{"line":71,"column":29}},"24":{"start":{"line":73,"column":6},"end":{"line":76,"column":8}},"25":{"start":{"line":78,"column":6},"end":{"line":81,"column":8}},"26":{"start":{"line":83,"column":6},"end":{"line":83,"column":32}},"27":{"start":{"line":85,"column":6},"end":{"line":92,"column":8}},"28":{"start":{"line":94,"column":6},"end":{"line":94,"column":34}},"29":{"start":{"line":95,"column":6},"end":{"line":95,"column":18}},"30":{"start":{"line":97,"column":6},"end":{"line":97,"column":27}},"31":{"start":{"line":102,"column":19},"end":{"line":102,"column":38}},"32":{"start":{"line":103,"column":23},"end":{"line":103,"column":49}},"33":{"start":{"line":105,"column":4},"end":{"line":156,"column":5}},"34":{"start":{"line":106,"column":6},"end":{"line":106,"column":42}},"35":{"start":{"line":108,"column":27},"end":{"line":114,"column":null}},"36":{"start":{"line":117,"column":6},"end":{"line":119,"column":7}},"37":{"start":{"line":118,"column":8},"end":{"line":118,"column":54}},"38":{"start":{"line":121,"column":23},"end":{"line":121,"column":39}},"39":{"start":{"line":122,"column":29},"end":{"line":122,"column":58}},"40":{"start":{"line":123,"column":25},"end":{"line":123,"column":48}},"41":{"start":{"line":125,"column":6},"end":{"line":127,"column":7}},"42":{"start":{"line":126,"column":8},"end":{"line":126,"column":48}},"43":{"start":{"line":129,"column":17},"end":{"line":129,"column":29}},"44":{"start":{"line":131,"column":6},"end":{"line":134,"column":8}},"45":{"start":{"line":136,"column":6},"end":{"line":139,"column":8}},"46":{"start":{"line":141,"column":6},"end":{"line":141,"column":32}},"47":{"start":{"line":143,"column":6},"end":{"line":150,"column":8}},"48":{"start":{"line":152,"column":6},"end":{"line":152,"column":34}},"49":{"start":{"line":153,"column":6},"end":{"line":153,"column":18}},"50":{"start":{"line":155,"column":6},"end":{"line":155,"column":27}},"51":{"start":{"line":5,"column":0},"end":{"line":5,"column":13}}},"fnMap":{"0":{"name":"(anonymous_0)","decl":{"start":{"line":6,"column":2},"end":{"line":6,"column":7}},"loc":{"start":{"line":6,"column":35},"end":{"line":16,"column":3}}},"1":{"name":"(anonymous_1)","decl":{"start":{"line":12,"column":20},"end":{"line":12,"column":21}},"loc":{"start":{"line":12,"column":30},"end":{"line":15,"column":6}}},"2":{"name":"(anonymous_2)","decl":{"start":{"line":18,"column":2},"end":{"line":18,"column":7}},"loc":{"start":{"line":18,"column":39},"end":{"line":28,"column":3}}},"3":{"name":"(anonymous_3)","decl":{"start":{"line":24,"column":20},"end":{"line":24,"column":21}},"loc":{"start":{"line":24,"column":30},"end":{"line":27,"column":6}}},"4":{"name":"(anonymous_4)","decl":{"start":{"line":30,"column":2},"end":{"line":30,"column":7}},"loc":{"start":{"line":30,"column":55},"end":{"line":45,"column":3}}},"5":{"name":"(anonymous_5)","decl":{"start":{"line":41,"column":20},"end":{"line":41,"column":21}},"loc":{"start":{"line":41,"column":30},"end":{"line":44,"column":6}}},"6":{"name":"(anonymous_6)","decl":{"start":{"line":47,"column":2},"end":{"line":47,"column":7}},"loc":{"start":{"line":47,"column":77},"end":{"line":99,"column":3}}},"7":{"name":"(anonymous_7)","decl":{"start":{"line":101,"column":2},"end":{"line":101,"column":7}},"loc":{"start":{"line":101,"column":105},"end":{"line":157,"column":3}}}},"branchMap":{"0":{"loc":{"start":{"line":59,"column":6},"end":{"line":61,"column":7}},"type":"if","locations":[{"start":{"line":59,"column":6},"end":{"line":61,"column":7}}]},"1":{"loc":{"start":{"line":67,"column":6},"end":{"line":69,"column":7}},"type":"if","locations":[{"start":{"line":67,"column":6},"end":{"line":69,"column":7}}]},"2":{"loc":{"start":{"line":75,"column":39},"end":{"line":75,"column":61}},"type":"binary-expr","locations":[{"start":{"line":75,"column":39},"end":{"line":75,"column":55}},{"start":{"line":75,"column":59},"end":{"line":75,"column":61}}]},"3":{"loc":{"start":{"line":90,"column":21},"end":{"line":90,"column":43}},"type":"binary-expr","locations":[{"start":{"line":90,"column":21},"end":{"line":90,"column":37}},{"start":{"line":90,"column":41},"end":{"line":90,"column":43}}]},"4":{"loc":{"start":{"line":117,"column":6},"end":{"line":119,"column":7}},"type":"if","locations":[{"start":{"line":117,"column":6},"end":{"line":119,"column":7}}]},"5":{"loc":{"start":{"line":125,"column":6},"end":{"line":127,"column":7}},"type":"if","locations":[{"start":{"line":125,"column":6},"end":{"line":127,"column":7}}]},"6":{"loc":{"start":{"line":133,"column":39},"end":{"line":133,"column":61}},"type":"binary-expr","locations":[{"start":{"line":133,"column":39},"end":{"line":133,"column":55}},{"start":{"line":133,"column":59},"end":{"line":133,"column":61}}]},"7":{"loc":{"start":{"line":148,"column":21},"end":{"line":148,"column":43}},"type":"binary-expr","locations":[{"start":{"line":148,"column":21},"end":{"line":148,"column":37}},{"start":{"line":148,"column":41},"end":{"line":148,"column":43}}]}},"s":{"0":1,"1":1,"2":1,"3":1,"4":2,"5":0,"6":0,"7":0,"8":1,"9":1,"10":2,"11":4,"12":4,"13":4,"14":4,"15":4,"16":4,"17":0,"18":4,"19":4,"20":4,"21":4,"22":1,"23":3,"24":3,"25":3,"26":3,"27":3,"28":1,"29":1,"30":4,"31":1,"32":1,"33":1,"34":1,"35":1,"36":1,"37":0,"38":1,"39":1,"40":1,"41":1,"42":0,"43":1,"44":1,"45":1,"46":1,"47":1,"48":0,"49":0,"50":1,"51":1},"f":{"0":1,"1":2,"2":0,"3":0,"4":1,"5":2,"6":4,"7":1},"b":{"0":[0],"1":[1],"2":[3,0],"3":[3,0],"4":[0],"5":[0],"6":[1,0],"7":[1,0]}}
,"C:\\Users\\lenovo\\OneDrive\\Desktop\\conzumex\\src\\repositories\\user.repository.ts": {"path":"C:\\Users\\lenovo\\OneDrive\\Desktop\\conzumex\\src\\repositories\\user.repository.ts","statementMap":{"0":{"start":{"line":1,"column":0},"end":{"line":1,"column":36}},"1":{"start":{"line":2,"column":0},"end":{"line":2,"column":36}},"2":{"start":{"line":3,"column":0},"end":{"line":3,"column":49}},"3":{"start":{"line":8,"column":15},"end":{"line":8,"column":27}},"4":{"start":{"line":9,"column":27},"end":{"line":9,"column":54}},"5":{"start":{"line":11,"column":4},"end":{"line":14,"column":6}},"6":{"start":{"line":16,"column":4},"end":{"line":19,"column":6}},"7":{"start":{"line":23,"column":19},"end":{"line":25,"column":null}},"8":{"start":{"line":28,"column":4},"end":{"line":30,"column":5}},"9":{"start":{"line":29,"column":6},"end":{"line":29,"column":18}},"10":{"start":{"line":32,"column":4},"end":{"line":32,"column":27}},"11":{"start":{"line":6,"column":0},"end":{"line":6,"column":13}}},"fnMap":{"0":{"name":"(anonymous_0)","decl":{"start":{"line":7,"column":2},"end":{"line":7,"column":7}},"loc":{"start":{"line":7,"column":56},"end":{"line":20,"column":3}}},"1":{"name":"(anonymous_1)","decl":{"start":{"line":22,"column":2},"end":{"line":22,"column":7}},"loc":{"start":{"line":22,"column":33},"end":{"line":33,"column":3}}}},"branchMap":{"0":{"loc":{"start":{"line":28,"column":4},"end":{"line":30,"column":5}},"type":"if","locations":[{"start":{"line":28,"column":4},"end":{"line":30,"column":5}}]}},"s":{"0":1,"1":1,"2":1,"3":4,"4":4,"5":4,"6":4,"7":4,"8":4,"9":0,"10":4,"11":1},"f":{"0":4,"1":4},"b":{"0":[0]}}
,"C:\\Users\\lenovo\\OneDrive\\Desktop\\conzumex\\src\\repositories\\wallet.repository.ts": {"path":"C:\\Users\\lenovo\\OneDrive\\Desktop\\conzumex\\src\\repositories\\wallet.repository.ts","statementMap":{"0":{"start":{"line":1,"column":0},"end":{"line":1,"column":36}},"1":{"start":{"line":2,"column":0},"end":{"line":2,"column":36}},"2":{"start":{"line":7,"column":19},"end":{"line":9,"column":null}},"3":{"start":{"line":12,"column":4},"end":{"line":14,"column":5}},"4":{"start":{"line":13,"column":6},"end":{"line":13,"column":18}},"5":{"start":{"line":16,"column":19},"end":{"line":16,"column":36}},"6":{"start":{"line":17,"column":19},"end":{"line":17,"column":61}},"7":{"start":{"line":19,"column":4},"end":{"line":23,"column":6}},"8":{"start":{"line":27,"column":19},"end":{"line":33,"column":null}},"9":{"start":{"line":36,"column":4},"end":{"line":38,"column":5}},"10":{"start":{"line":37,"column":6},"end":{"line":37,"column":18}},"11":{"start":{"line":40,"column":19},"end":{"line":40,"column":36}},"12":{"start":{"line":41,"column":19},"end":{"line":41,"column":61}},"13":{"start":{"line":43,"column":4},"end":{"line":47,"column":6}},"14":{"start":{"line":51,"column":19},"end":{"line":53,"column":null}},"15":{"start":{"line":55,"column":4},"end":{"line":55,"column":40}},"16":{"start":{"line":55,"column":29},"end":{"line":55,"column":38}},"17":{"start":{"line":59,"column":27},"end":{"line":61,"column":null}},"18":{"start":{"line":64,"column":4},"end":{"line":66,"column":5}},"19":{"start":{"line":65,"column":6},"end":{"line":65,"column":51}},"20":{"start":{"line":68,"column":15},"end":{"line":68,"column":27}},"21":{"start":{"line":69,"column":18},"end":{"line":69,"column":30}},"22":{"start":{"line":71,"column":4},"end":{"line":74,"column":6}},"23":{"start":{"line":76,"column":4},"end":{"line":79,"column":6}},"24":{"start":{"line":81,"column":4},"end":{"line":89,"column":6}},"25":{"start":{"line":93,"column":24},"end":{"line":95,"column":null}},"26":{"start":{"line":98,"column":18},"end":{"line":98,"column":50}},"27":{"start":{"line":99,"column":4},"end":{"line":101,"column":5}},"28":{"start":{"line":100,"column":6},"end":{"line":100,"column":52}},"29":{"start":{"line":103,"column":18},"end":{"line":103,"column":30}},"30":{"start":{"line":104,"column":4},"end":{"line":107,"column":6}},"31":{"start":{"line":109,"column":4},"end":{"line":109,"column":17}},"32":{"start":{"line":5,"column":0},"end":{"line":5,"column":13}}},"fnMap":{"0":{"name":"(anonymous_0)","decl":{"start":{"line":6,"column":2},"end":{"line":6,"column":7}},"loc":{"start":{"line":6,"column":35},"end":{"line":24,"column":3}}},"1":{"name":"(anonymous_1)","decl":{"start":{"line":26,"column":2},"end":{"line":26,"column":7}},"loc":{"start":{"line":26,"column":49},"end":{"line":48,"column":3}}},"2":{"name":"(anonymous_2)","decl":{"start":{"line":50,"column":2},"end":{"line":50,"column":7}},"loc":{"start":{"line":50,"column":45},"end":{"line":56,"column":3}}},"3":{"name":"(anonymous_3)","decl":{"start":{"line":55,"column":20},"end":{"line":55,"column":21}},"loc":{"start":{"line":55,"column":29},"end":{"line":55,"column":38}}},"4":{"name":"(anonymous_4)","decl":{"start":{"line":58,"column":2},"end":{"line":58,"column":7}},"loc":{"start":{"line":58,"column":71},"end":{"line":90,"column":3}}},"5":{"name":"(anonymous_5)","decl":{"start":{"line":92,"column":2},"end":{"line":92,"column":7}},"loc":{"start":{"line":92,"column":36},"end":{"line":110,"column":3}}}},"branchMap":{"0":{"loc":{"start":{"line":12,"column":4},"end":{"line":14,"column":5}},"type":"if","locations":[{"start":{"line":12,"column":4},"end":{"line":14,"column":5}}]},"1":{"loc":{"start":{"line":36,"column":4},"end":{"line":38,"column":5}},"type":"if","locations":[{"start":{"line":36,"column":4},"end":{"line":38,"column":5}}]},"2":{"loc":{"start":{"line":64,"column":4},"end":{"line":66,"column":5}},"type":"if","locations":[{"start":{"line":64,"column":4},"end":{"line":66,"column":5}}]},"3":{"loc":{"start":{"line":98,"column":25},"end":{"line":98,"column":49}},"type":"binary-expr","locations":[{"start":{"line":98,"column":25},"end":{"line":98,"column":44}},{"start":{"line":98,"column":48},"end":{"line":98,"column":49}}]},"4":{"loc":{"start":{"line":99,"column":4},"end":{"line":101,"column":5}},"type":"if","locations":[{"start":{"line":99,"column":4},"end":{"line":101,"column":5}}]}},"s":{"0":1,"1":1,"2":5,"3":5,"4":0,"5":5,"6":5,"7":5,"8":4,"9":4,"10":1,"11":3,"12":3,"13":3,"14":8,"15":8,"16":16,"17":3,"18":3,"19":1,"20":2,"21":2,"22":2,"23":2,"24":2,"25":3,"26":3,"27":3,"28":1,"29":2,"30":2,"31":2,"32":1},"f":{"0":5,"1":4,"2":8,"3":16,"4":3,"5":3},"b":{"0":[0],"1":[1],"2":[1],"3":[3,0],"4":[1]}}
,"C:\\Users\\lenovo\\OneDrive\\Desktop\\conzumex\\src\\routes\\auth.routes.ts": {"path":"C:\\Users\\lenovo\\OneDrive\\Desktop\\conzumex\\src\\routes\\auth.routes.ts","statementMap":{"0":{"start":{"line":1,"column":0},"end":{"line":1,"column":33}},"1":{"start":{"line":2,"column":0},"end":{"line":2,"column":65}},"2":{"start":{"line":3,"column":0},"end":{"line":3,"column":60}},"3":{"start":{"line":5,"column":15},"end":{"line":5,"column":23}},"4":{"start":{"line":29,"column":0},"end":{"line":29,"column":49}},"5":{"start":{"line":53,"column":0},"end":{"line":53,"column":43}},"6":{"start":{"line":55,"column":0},"end":{"line":55,"column":22}}},"fnMap":{},"branchMap":{},"s":{"0":1,"1":1,"2":1,"3":1,"4":1,"5":1,"6":1},"f":{},"b":{}}
,"C:\\Users\\lenovo\\OneDrive\\Desktop\\conzumex\\src\\routes\\transaction.routes.ts": {"path":"C:\\Users\\lenovo\\OneDrive\\Desktop\\conzumex\\src\\routes\\transaction.routes.ts","statementMap":{"0":{"start":{"line":1,"column":0},"end":{"line":1,"column":33}},"1":{"start":{"line":2,"column":0},"end":{"line":2,"column":143}},"2":{"start":{"line":3,"column":0},"end":{"line":3,"column":61}},"3":{"start":{"line":4,"column":0},"end":{"line":4,"column":52}},"4":{"start":{"line":6,"column":15},"end":{"line":6,"column":23}},"5":{"start":{"line":21,"column":0},"end":{"line":21,"column":48}},"6":{"start":{"line":42,"column":0},"end":{"line":42,"column":67}},"7":{"start":{"line":69,"column":0},"end":{"line":69,"column":71}},"8":{"start":{"line":102,"column":0},"end":{"line":102,"column":90}},"9":{"start":{"line":104,"column":0},"end":{"line":104,"column":22}}},"fnMap":{},"branchMap":{},"s":{"0":1,"1":1,"2":1,"3":1,"4":1,"5":1,"6":1,"7":1,"8":1,"9":1},"f":{},"b":{}}
,"C:\\Users\\lenovo\\OneDrive\\Desktop\\conzumex\\src\\routes\\wallet.routes.ts": {"path":"C:\\Users\\lenovo\\OneDrive\\Desktop\\conzumex\\src\\routes\\wallet.routes.ts","statementMap":{"0":{"start":{"line":1,"column":0},"end":{"line":1,"column":33}},"1":{"start":{"line":2,"column":0},"end":{"line":2,"column":null}},"2":{"start":{"line":9,"column":0},"end":{"line":9,"column":61}},"3":{"start":{"line":10,"column":0},"end":{"line":10,"column":64}},"4":{"start":{"line":12,"column":15},"end":{"line":12,"column":23}},"5":{"start":{"line":27,"column":0},"end":{"line":27,"column":41}},"6":{"start":{"line":53,"column":0},"end":{"line":53,"column":61}},"7":{"start":{"line":68,"column":0},"end":{"line":68,"column":54}},"8":{"start":{"line":83,"column":0},"end":{"line":83,"column":56}},"9":{"start":{"line":104,"column":0},"end":{"line":104,"column":60}},"10":{"start":{"line":106,"column":0},"end":{"line":106,"column":22}}},"fnMap":{},"branchMap":{},"s":{"0":1,"1":1,"2":1,"3":1,"4":1,"5":1,"6":1,"7":1,"8":1,"9":1,"10":1},"f":{},"b":{}}
,"C:\\Users\\lenovo\\OneDrive\\Desktop\\conzumex\\src\\services\\auth.service.ts": {"path":"C:\\Users\\lenovo\\OneDrive\\Desktop\\conzumex\\src\\services\\auth.service.ts","statementMap":{"0":{"start":{"line":1,"column":0},"end":{"line":1,"column":65}},"1":{"start":{"line":2,"column":0},"end":{"line":2,"column":45}},"2":{"start":{"line":3,"column":0},"end":{"line":3,"column":49}},"3":{"start":{"line":5,"column":23},"end":{"line":5,"column":43}},"4":{"start":{"line":9,"column":4},"end":{"line":9,"column":39}},"5":{"start":{"line":13,"column":17},"end":{"line":13,"column":61}},"6":{"start":{"line":14,"column":4},"end":{"line":16,"column":5}},"7":{"start":{"line":15,"column":6},"end":{"line":15,"column":45}},"8":{"start":{"line":18,"column":4},"end":{"line":18,"column":42}},"9":{"start":{"line":7,"column":0},"end":{"line":7,"column":13}}},"fnMap":{"0":{"name":"(anonymous_0)","decl":{"start":{"line":8,"column":2},"end":{"line":8,"column":7}},"loc":{"start":{"line":8,"column":26},"end":{"line":10,"column":3}}},"1":{"name":"(anonymous_1)","decl":{"start":{"line":12,"column":2},"end":{"line":12,"column":7}},"loc":{"start":{"line":12,"column":23},"end":{"line":19,"column":3}}}},"branchMap":{"0":{"loc":{"start":{"line":14,"column":4},"end":{"line":16,"column":5}},"type":"if","locations":[{"start":{"line":14,"column":4},"end":{"line":16,"column":5}}]},"1":{"loc":{"start":{"line":14,"column":8},"end":{"line":14,"column":62}},"type":"binary-expr","locations":[{"start":{"line":14,"column":8},"end":{"line":14,"column":13}},{"start":{"line":14,"column":17},"end":{"line":14,"column":62}}]}},"s":{"0":1,"1":1,"2":1,"3":1,"4":4,"5":4,"6":4,"7":0,"8":4,"9":1},"f":{"0":4,"1":4},"b":{"0":[0],"1":[4,4]}}
,"C:\\Users\\lenovo\\OneDrive\\Desktop\\conzumex\\src\\services\\transaction.service.ts": {"path":"C:\\Users\\lenovo\\OneDrive\\Desktop\\conzumex\\src\\services\\transaction.service.ts","statementMap":{"0":{"start":{"line":1,"column":0},"end":{"line":1,"column":79}},"1":{"start":{"line":2,"column":0},"end":{"line":2,"column":69}},"2":{"start":{"line":3,"column":0},"end":{"line":3,"column":39}},"3":{"start":{"line":5,"column":30},"end":{"line":5,"column":57}},"4":{"start":{"line":6,"column":25},"end":{"line":6,"column":47}},"5":{"start":{"line":10,"column":4},"end":{"line":10,"column":59}},"6":{"start":{"line":10,"column":17},"end":{"line":10,"column":59}},"7":{"start":{"line":12,"column":21},"end":{"line":12,"column":45}},"8":{"start":{"line":13,"column":19},"end":{"line":13,"column":44}},"9":{"start":{"line":14,"column":4},"end":{"line":16,"column":5}},"10":{"start":{"line":15,"column":6},"end":{"line":15,"column":20}},"11":{"start":{"line":18,"column":25},"end":{"line":18,"column":73}},"12":{"start":{"line":19,"column":4},"end":{"line":19,"column":49}},"13":{"start":{"line":20,"column":4},"end":{"line":20,"column":24}},"14":{"start":{"line":24,"column":4},"end":{"line":24,"column":59}},"15":{"start":{"line":24,"column":17},"end":{"line":24,"column":59}},"16":{"start":{"line":26,"column":19},"end":{"line":26,"column":68}},"17":{"start":{"line":27,"column":4},"end":{"line":29,"column":5}},"18":{"start":{"line":28,"column":6},"end":{"line":28,"column":48}},"19":{"start":{"line":31,"column":4},"end":{"line":31,"column":66}},"20":{"start":{"line":35,"column":4},"end":{"line":35,"column":59}},"21":{"start":{"line":35,"column":17},"end":{"line":35,"column":59}},"22":{"start":{"line":36,"column":24},"end":{"line":36,"column":72}},"23":{"start":{"line":37,"column":4},"end":{"line":37,"column":46}},"24":{"start":{"line":38,"column":4},"end":{"line":38,"column":23}},"25":{"start":{"line":42,"column":4},"end":{"line":42,"column":59}},"26":{"start":{"line":42,"column":17},"end":{"line":42,"column":59}},"27":{"start":{"line":44,"column":19},"end":{"line":44,"column":68}},"28":{"start":{"line":45,"column":4},"end":{"line":47,"column":5}},"29":{"start":{"line":46,"column":6},"end":{"line":46,"column":48}},"30":{"start":{"line":49,"column":24},"end":{"line":49,"column":92}},"31":{"start":{"line":50,"column":4},"end":{"line":50,"column":46}},"32":{"start":{"line":51,"column":4},"end":{"line":51,"column":23}},"33":{"start":{"line":8,"column":0},"end":{"line":8,"column":13}}},"fnMap":{"0":{"name":"(anonymous_0)","decl":{"start":{"line":9,"column":2},"end":{"line":9,"column":7}},"loc":{"start":{"line":9,"column":47},"end":{"line":21,"column":3}}},"1":{"name":"(anonymous_1)","decl":{"start":{"line":23,"column":2},"end":{"line":23,"column":7}},"loc":{"start":{"line":23,"column":67},"end":{"line":32,"column":3}}},"2":{"name":"(anonymous_2)","decl":{"start":{"line":34,"column":2},"end":{"line":34,"column":7}},"loc":{"start":{"line":34,"column":52},"end":{"line":39,"column":3}}},"3":{"name":"(anonymous_3)","decl":{"start":{"line":41,"column":2},"end":{"line":41,"column":7}},"loc":{"start":{"line":41,"column":80},"end":{"line":52,"column":3}}}},"branchMap":{"0":{"loc":{"start":{"line":10,"column":4},"end":{"line":10,"column":59}},"type":"if","locations":[{"start":{"line":10,"column":4},"end":{"line":10,"column":59}}]},"1":{"loc":{"start":{"line":14,"column":4},"end":{"line":16,"column":5}},"type":"if","locations":[{"start":{"line":14,"column":4},"end":{"line":16,"column":5}}]},"2":{"loc":{"start":{"line":24,"column":4},"end":{"line":24,"column":59}},"type":"if","locations":[{"start":{"line":24,"column":4},"end":{"line":24,"column":59}}]},"3":{"loc":{"start":{"line":27,"column":4},"end":{"line":29,"column":5}},"type":"if","locations":[{"start":{"line":27,"column":4},"end":{"line":29,"column":5}}]},"4":{"loc":{"start":{"line":35,"column":4},"end":{"line":35,"column":59}},"type":"if","locations":[{"start":{"line":35,"column":4},"end":{"line":35,"column":59}}]},"5":{"loc":{"start":{"line":42,"column":4},"end":{"line":42,"column":59}},"type":"if","locations":[{"start":{"line":42,"column":4},"end":{"line":42,"column":59}}]},"6":{"loc":{"start":{"line":45,"column":4},"end":{"line":47,"column":5}},"type":"if","locations":[{"start":{"line":45,"column":4},"end":{"line":47,"column":5}}]}},"s":{"0":1,"1":1,"2":1,"3":1,"4":1,"5":1,"6":0,"7":1,"8":1,"9":1,"10":0,"11":1,"12":1,"13":1,"14":1,"15":0,"16":1,"17":1,"18":0,"19":1,"20":4,"21":0,"22":4,"23":3,"24":3,"25":1,"26":0,"27":1,"28":1,"29":0,"30":1,"31":1,"32":1,"33":1},"f":{"0":1,"1":1,"2":4,"3":1},"b":{"0":[0],"1":[0],"2":[0],"3":[0],"4":[0],"5":[0],"6":[0]}}
,"C:\\Users\\lenovo\\OneDrive\\Desktop\\conzumex\\src\\services\\wallet.service.ts": {"path":"C:\\Users\\lenovo\\OneDrive\\Desktop\\conzumex\\src\\services\\wallet.service.ts","statementMap":{"0":{"start":{"line":1,"column":0},"end":{"line":1,"column":69}},"1":{"start":{"line":2,"column":0},"end":{"line":2,"column":39}},"2":{"start":{"line":4,"column":25},"end":{"line":4,"column":47}},"3":{"start":{"line":8,"column":4},"end":{"line":8,"column":59}},"4":{"start":{"line":8,"column":17},"end":{"line":8,"column":59}},"5":{"start":{"line":10,"column":21},"end":{"line":10,"column":39}},"6":{"start":{"line":11,"column":19},"end":{"line":11,"column":44}},"7":{"start":{"line":12,"column":4},"end":{"line":14,"column":5}},"8":{"start":{"line":13,"column":6},"end":{"line":13,"column":20}},"9":{"start":{"line":16,"column":19},"end":{"line":16,"column":62}},"10":{"start":{"line":17,"column":4},"end":{"line":17,"column":43}},"11":{"start":{"line":18,"column":4},"end":{"line":18,"column":18}},"12":{"start":{"line":22,"column":4},"end":{"line":22,"column":59}},"13":{"start":{"line":22,"column":17},"end":{"line":22,"column":59}},"14":{"start":{"line":24,"column":19},"end":{"line":24,"column":68}},"15":{"start":{"line":25,"column":4},"end":{"line":27,"column":5}},"16":{"start":{"line":26,"column":6},"end":{"line":26,"column":48}},"17":{"start":{"line":29,"column":4},"end":{"line":29,"column":18}},"18":{"start":{"line":33,"column":4},"end":{"line":33,"column":59}},"19":{"start":{"line":33,"column":17},"end":{"line":33,"column":59}},"20":{"start":{"line":34,"column":19},"end":{"line":34,"column":62}},"21":{"start":{"line":35,"column":4},"end":{"line":35,"column":40}},"22":{"start":{"line":36,"column":4},"end":{"line":36,"column":18}},"23":{"start":{"line":40,"column":4},"end":{"line":40,"column":59}},"24":{"start":{"line":40,"column":17},"end":{"line":40,"column":59}},"25":{"start":{"line":42,"column":19},"end":{"line":42,"column":62}},"26":{"start":{"line":43,"column":4},"end":{"line":45,"column":5}},"27":{"start":{"line":44,"column":6},"end":{"line":44,"column":42}},"28":{"start":{"line":47,"column":4},"end":{"line":47,"column":31}},"29":{"start":{"line":51,"column":4},"end":{"line":51,"column":59}},"30":{"start":{"line":51,"column":17},"end":{"line":51,"column":59}},"31":{"start":{"line":53,"column":19},"end":{"line":53,"column":62}},"32":{"start":{"line":54,"column":4},"end":{"line":56,"column":5}},"33":{"start":{"line":55,"column":6},"end":{"line":55,"column":42}},"34":{"start":{"line":58,"column":18},"end":{"line":58,"column":63}},"35":{"start":{"line":59,"column":4},"end":{"line":59,"column":40}},"36":{"start":{"line":60,"column":4},"end":{"line":60,"column":17}},"37":{"start":{"line":6,"column":0},"end":{"line":6,"column":13}}},"fnMap":{"0":{"name":"(anonymous_0)","decl":{"start":{"line":7,"column":2},"end":{"line":7,"column":7}},"loc":{"start":{"line":7,"column":52},"end":{"line":19,"column":3}}},"1":{"name":"(anonymous_1)","decl":{"start":{"line":21,"column":2},"end":{"line":21,"column":7}},"loc":{"start":{"line":21,"column":66},"end":{"line":30,"column":3}}},"2":{"name":"(anonymous_2)","decl":{"start":{"line":32,"column":2},"end":{"line":32,"column":7}},"loc":{"start":{"line":32,"column":58},"end":{"line":37,"column":3}}},"3":{"name":"(anonymous_3)","decl":{"start":{"line":39,"column":2},"end":{"line":39,"column":7}},"loc":{"start":{"line":39,"column":51},"end":{"line":48,"column":3}}},"4":{"name":"(anonymous_4)","decl":{"start":{"line":50,"column":2},"end":{"line":50,"column":7}},"loc":{"start":{"line":50,"column":52},"end":{"line":61,"column":3}}}},"branchMap":{"0":{"loc":{"start":{"line":8,"column":4},"end":{"line":8,"column":59}},"type":"if","locations":[{"start":{"line":8,"column":4},"end":{"line":8,"column":59}}]},"1":{"loc":{"start":{"line":12,"column":4},"end":{"line":14,"column":5}},"type":"if","locations":[{"start":{"line":12,"column":4},"end":{"line":14,"column":5}}]},"2":{"loc":{"start":{"line":22,"column":4},"end":{"line":22,"column":59}},"type":"if","locations":[{"start":{"line":22,"column":4},"end":{"line":22,"column":59}}]},"3":{"loc":{"start":{"line":25,"column":4},"end":{"line":27,"column":5}},"type":"if","locations":[{"start":{"line":25,"column":4},"end":{"line":27,"column":5}}]},"4":{"loc":{"start":{"line":33,"column":4},"end":{"line":33,"column":59}},"type":"if","locations":[{"start":{"line":33,"column":4},"end":{"line":33,"column":59}}]},"5":{"loc":{"start":{"line":40,"column":4},"end":{"line":40,"column":59}},"type":"if","locations":[{"start":{"line":40,"column":4},"end":{"line":40,"column":59}}]},"6":{"loc":{"start":{"line":43,"column":4},"end":{"line":45,"column":5}},"type":"if","locations":[{"start":{"line":43,"column":4},"end":{"line":45,"column":5}}]},"7":{"loc":{"start":{"line":47,"column":11},"end":{"line":47,"column":30}},"type":"binary-expr","locations":[{"start":{"line":47,"column":11},"end":{"line":47,"column":24}},{"start":{"line":47,"column":28},"end":{"line":47,"column":30}}]},"8":{"loc":{"start":{"line":51,"column":4},"end":{"line":51,"column":59}},"type":"if","locations":[{"start":{"line":51,"column":4},"end":{"line":51,"column":59}}]},"9":{"loc":{"start":{"line":54,"column":4},"end":{"line":56,"column":5}},"type":"if","locations":[{"start":{"line":54,"column":4},"end":{"line":56,"column":5}}]}},"s":{"0":1,"1":1,"2":1,"3":1,"4":0,"5":1,"6":1,"7":1,"8":0,"9":1,"10":1,"11":1,"12":2,"13":0,"14":2,"15":2,"16":1,"17":1,"18":3,"19":0,"20":3,"21":2,"22":2,"23":1,"24":0,"25":1,"26":1,"27":0,"28":1,"29":3,"30":0,"31":3,"32":3,"33":0,"34":3,"35":2,"36":2,"37":1},"f":{"0":1,"1":2,"2":3,"3":1,"4":3},"b":{"0":[0],"1":[0],"2":[0],"3":[1],"4":[0],"5":[0],"6":[0],"7":[1,0],"8":[0],"9":[0]}}
,"C:\\Users\\lenovo\\OneDrive\\Desktop\\conzumex\\src\\utils\\cache.ts": {"path":"C:\\Users\\lenovo\\OneDrive\\Desktop\\conzumex\\src\\utils\\cache.ts","statementMap":{"0":{"start":{"line":1,"column":0},"end":{"line":1,"column":46}},"1":{"start":{"line":3,"column":21},"end":{"line":3,"column":57}},"2":{"start":{"line":3,"column":27},"end":{"line":3,"column":57}},"3":{"start":{"line":5,"column":13},"end":{"line":42,"column":2}},"4":{"start":{"line":7,"column":4},"end":{"line":9,"column":5}},"5":{"start":{"line":8,"column":6},"end":{"line":8,"column":18}},"6":{"start":{"line":11,"column":4},"end":{"line":16,"column":5}},"7":{"start":{"line":12,"column":21},"end":{"line":12,"column":47}},"8":{"start":{"line":13,"column":6},"end":{"line":13,"column":55}},"9":{"start":{"line":15,"column":6},"end":{"line":15,"column":18}},"10":{"start":{"line":20,"column":4},"end":{"line":22,"column":5}},"11":{"start":{"line":21,"column":6},"end":{"line":21,"column":13}},"12":{"start":{"line":24,"column":4},"end":{"line":28,"column":5}},"13":{"start":{"line":25,"column":6},"end":{"line":25,"column":74}},"14":{"start":{"line":32,"column":4},"end":{"line":34,"column":5}},"15":{"start":{"line":33,"column":6},"end":{"line":33,"column":13}},"16":{"start":{"line":36,"column":4},"end":{"line":40,"column":5}},"17":{"start":{"line":37,"column":6},"end":{"line":37,"column":33}}},"fnMap":{"0":{"name":"(anonymous_0)","decl":{"start":{"line":3,"column":21},"end":{"line":3,"column":24}},"loc":{"start":{"line":3,"column":27},"end":{"line":3,"column":57}}},"1":{"name":"(anonymous_1)","decl":{"start":{"line":6,"column":2},"end":{"line":6,"column":7}},"loc":{"start":{"line":6,"column":26},"end":{"line":17,"column":3}}},"2":{"name":"(anonymous_2)","decl":{"start":{"line":19,"column":2},"end":{"line":19,"column":7}},"loc":{"start":{"line":19,"column":53},"end":{"line":29,"column":3}}},"3":{"name":"(anonymous_3)","decl":{"start":{"line":31,"column":2},"end":{"line":31,"column":7}},"loc":{"start":{"line":31,"column":23},"end":{"line":41,"column":3}}}},"branchMap":{"0":{"loc":{"start":{"line":7,"column":4},"end":{"line":9,"column":5}},"type":"if","locations":[{"start":{"line":7,"column":4},"end":{"line":9,"column":5}}]},"1":{"loc":{"start":{"line":13,"column":13},"end":{"line":13,"column":54}},"type":"cond-expr","locations":[{"start":{"line":13,"column":23},"end":{"line":13,"column":47}},{"start":{"line":13,"column":50},"end":{"line":13,"column":54}}]},"2":{"loc":{"start":{"line":19,"column":38},"end":{"line":19,"column":53}},"type":"default-arg","locations":[{"start":{"line":19,"column":51},"end":{"line":19,"column":53}}]},"3":{"loc":{"start":{"line":20,"column":4},"end":{"line":22,"column":5}},"type":"if","locations":[{"start":{"line":20,"column":4},"end":{"line":22,"column":5}}]},"4":{"loc":{"start":{"line":32,"column":4},"end":{"line":34,"column":5}},"type":"if","locations":[{"start":{"line":32,"column":4},"end":{"line":34,"column":5}}]}},"s":{"0":1,"1":1,"2":12,"3":1,"4":2,"5":2,"6":0,"7":0,"8":0,"9":0,"10":2,"11":2,"12":0,"13":0,"14":8,"15":8,"16":0,"17":0},"f":{"0":12,"1":2,"2":2,"3":8},"b":{"0":[2],"1":[0,0],"2":[0],"3":[2],"4":[8]}}
,"C:\\Users\\lenovo\\OneDrive\\Desktop\\conzumex\\src\\utils\\jwt.ts": {"path":"C:\\Users\\lenovo\\OneDrive\\Desktop\\conzumex\\src\\utils\\jwt.ts","statementMap":{"0":{"start":{"line":1,"column":0},"end":{"line":1,"column":31}},"1":{"start":{"line":2,"column":0},"end":{"line":2,"column":36}},"2":{"start":{"line":4,"column":29},"end":{"line":6,"column":1}},"3":{"start":{"line":5,"column":2},"end":{"line":5,"column":63}},"4":{"start":{"line":4,"column":13},"end":{"line":4,"column":29}},"5":{"start":{"line":8,"column":27},"end":{"line":10,"column":1}},"6":{"start":{"line":9,"column":2},"end":{"line":9,"column":49}},"7":{"start":{"line":8,"column":13},"end":{"line":8,"column":27}}},"fnMap":{"0":{"name":"(anonymous_1)","decl":{"start":{"line":4,"column":29},"end":{"line":4,"column":30}},"loc":{"start":{"line":4,"column":49},"end":{"line":6,"column":1}}},"1":{"name":"(anonymous_2)","decl":{"start":{"line":8,"column":27},"end":{"line":8,"column":28}},"loc":{"start":{"line":8,"column":45},"end":{"line":10,"column":1}}}},"branchMap":{},"s":{"0":1,"1":1,"2":1,"3":4,"4":1,"5":1,"6":17,"7":1},"f":{"0":4,"1":17},"b":{}}
,"C:\\Users\\lenovo\\OneDrive\\Desktop\\conzumex\\src\\utils\\logger.ts": {"path":"C:\\Users\\lenovo\\OneDrive\\Desktop\\conzumex\\src\\utils\\logger.ts","statementMap":{"0":{"start":{"line":1,"column":0},"end":{"line":1,"column":59}},"1":{"start":{"line":2,"column":0},"end":{"line":2,"column":36}},"2":{"start":{"line":4,"column":15},"end":{"line":21,"column":2}},"3":{"start":{"line":23,"column":0},"end":{"line":23,"column":22}}},"fnMap":{},"branchMap":{"0":{"loc":{"start":{"line":5,"column":9},"end":{"line":5,"column":56}},"type":"cond-expr","locations":[{"start":{"line":5,"column":40},"end":{"line":5,"column":46}},{"start":{"line":5,"column":49},"end":{"line":5,"column":56}}]}},"s":{"0":1,"1":1,"2":1,"3":1},"f":{},"b":{"0":[0,1]}}
,"C:\\Users\\lenovo\\OneDrive\\Desktop\\conzumex\\src\\utils\\password.ts": {"path":"C:\\Users\\lenovo\\OneDrive\\Desktop\\conzumex\\src\\utils\\password.ts","statementMap":{"0":{"start":{"line":1,"column":0},"end":{"line":1,"column":36}},"1":{"start":{"line":3,"column":28},"end":{"line":4,"column":53}},"2":{"start":{"line":4,"column":2},"end":{"line":4,"column":53}},"3":{"start":{"line":3,"column":13},"end":{"line":3,"column":28}}},"fnMap":{"0":{"name":"(anonymous_0)","decl":{"start":{"line":3,"column":28},"end":{"line":3,"column":29}},"loc":{"start":{"line":4,"column":2},"end":{"line":4,"column":53}}}},"branchMap":{},"s":{"0":1,"1":1,"2":8,"3":1},"f":{"0":8},"b":{}}
,"C:\\Users\\lenovo\\OneDrive\\Desktop\\conzumex\\src\\validators\\auth.validator.ts": {"path":"C:\\Users\\lenovo\\OneDrive\\Desktop\\conzumex\\src\\validators\\auth.validator.ts","statementMap":{"0":{"start":{"line":1,"column":0},"end":{"line":1,"column":41}},"1":{"start":{"line":2,"column":0},"end":{"line":2,"column":70}},"2":{"start":{"line":4,"column":13},"end":{"line":8,"column":2}}},"fnMap":{},"branchMap":{},"s":{"0":1,"1":1,"2":1},"f":{},"b":{}}
,"C:\\Users\\lenovo\\OneDrive\\Desktop\\conzumex\\src\\validators\\index.ts": {"path":"C:\\Users\\lenovo\\OneDrive\\Desktop\\conzumex\\src\\validators\\index.ts","statementMap":{"0":{"start":{"line":1,"column":0},"end":{"line":1,"column":33}},"1":{"start":{"line":2,"column":0},"end":{"line":2,"column":40}},"2":{"start":{"line":3,"column":0},"end":{"line":3,"column":35}}},"fnMap":{},"branchMap":{},"s":{"0":1,"1":1,"2":1},"f":{},"b":{}}
,"C:\\Users\\lenovo\\OneDrive\\Desktop\\conzumex\\src\\validators\\transaction.validator.ts": {"path":"C:\\Users\\lenovo\\OneDrive\\Desktop\\conzumex\\src\\validators\\transaction.validator.ts","statementMap":{"0":{"start":{"line":1,"column":0},"end":{"line":1,"column":41}},"1":{"start":{"line":2,"column":0},"end":{"line":2,"column":70}},"2":{"start":{"line":4,"column":13},"end":{"line":17,"column":2}},"3":{"start":{"line":10,"column":23},"end":{"line":10,"column":42}}},"fnMap":{"0":{"name":"(anonymous_0)","decl":{"start":{"line":10,"column":12},"end":{"line":10,"column":13}},"loc":{"start":{"line":10,"column":23},"end":{"line":10,"column":42}}}},"branchMap":{},"s":{"0":1,"1":1,"2":1,"3":5},"f":{"0":5},"b":{}}
,"C:\\Users\\lenovo\\OneDrive\\Desktop\\conzumex\\src\\validators\\wallet.validator.ts": {"path":"C:\\Users\\lenovo\\OneDrive\\Desktop\\conzumex\\src\\validators\\wallet.validator.ts","statementMap":{"0":{"start":{"line":1,"column":0},"end":{"line":1,"column":41}},"1":{"start":{"line":2,"column":0},"end":{"line":2,"column":70}},"2":{"start":{"line":4,"column":13},"end":{"line":8,"column":2}}},"fnMap":{},"branchMap":{},"s":{"0":1,"1":1,"2":1},"f":{},"b":{}}
}
