TN:
SF:src\app.ts
FNF:0
FNH:0
DA:1,1
DA:2,1
DA:3,1
DA:5,1
DA:6,1
DA:7,1
DA:9,1
DA:10,1
DA:11,1
DA:13,1
DA:15,1
DA:20,1
DA:21,1
DA:23,1
DA:31,1
DA:32,1
DA:33,1
DA:35,1
DA:37,1
LF:19
LH:19
BRF:0
BRH:0
end_of_record
TN:
SF:src\config\db.ts
FN:22,(anonymous_1)
FN:33,(anonymous_2)
FN:39,(anonymous_3)
FN:45,(anonymous_4)
FN:52,(anonymous_5)
FN:54,(anonymous_6)
FN:62,(anonymous_7)
FN:63,(anonymous_8)
FN:64,(anonymous_9)
FN:70,(anonymous_10)
FN:88,(anonymous_11)
FN:94,(anonymous_12)
FN:96,(anonymous_13)
FN:108,(anonymous_14)
FN:116,(anonymous_15)
FN:117,(anonymous_16)
FN:118,(anonymous_17)
FN:125,(anonymous_18)
FN:126,(anonymous_19)
FN:127,(anonymous_20)
FN:133,(anonymous_21)
FN:136,(anonymous_22)
FN:137,(anonymous_23)
FN:138,(anonymous_24)
FN:145,(anonymous_25)
FN:147,(anonymous_26)
FN:148,(anonymous_27)
FN:149,(anonymous_28)
FN:150,(anonymous_29)
FN:151,(anonymous_30)
FN:154,(anonymous_31)
FN:156,(anonymous_32)
FN:157,(anonymous_33)
FN:185,(anonymous_34)
FN:196,(anonymous_35)
FN:214,(anonymous_36)
FNF:36
FNH:29
FNDA:52,(anonymous_1)
FNDA:10,(anonymous_2)
FNDA:2,(anonymous_3)
FNDA:9,(anonymous_4)
FNDA:8,(anonymous_5)
FNDA:8,(anonymous_6)
FNDA:23,(anonymous_7)
FNDA:8,(anonymous_8)
FNDA:16,(anonymous_9)
FNDA:9,(anonymous_10)
FNDA:5,(anonymous_11)
FNDA:2,(anonymous_12)
FNDA:2,(anonymous_13)
FNDA:6,(anonymous_14)
FNDA:2,(anonymous_15)
FNDA:1,(anonymous_16)
FNDA:2,(anonymous_17)
FNDA:0,(anonymous_18)
FNDA:0,(anonymous_19)
FNDA:0,(anonymous_20)
FNDA:2,(anonymous_21)
FNDA:4,(anonymous_22)
FNDA:1,(anonymous_23)
FNDA:2,(anonymous_24)
FNDA:5,(anonymous_25)
FNDA:5,(anonymous_26)
FNDA:4,(anonymous_27)
FNDA:1,(anonymous_28)
FNDA:0,(anonymous_29)
FNDA:5,(anonymous_30)
FNDA:1,(anonymous_31)
FNDA:5,(anonymous_32)
FNDA:1,(anonymous_33)
FNDA:0,(anonymous_34)
FNDA:0,(anonymous_35)
FNDA:0,(anonymous_36)
DA:1,1
DA:2,1
DA:3,1
DA:5,1
DA:7,1
DA:15,1
DA:22,1
DA:23,52
DA:25,52
DA:26,4
DA:27,4
DA:28,4
DA:31,48
DA:32,4
DA:33,10
DA:34,4
DA:37,44
DA:38,3
DA:39,3
DA:40,3
DA:43,41
DA:44,5
DA:45,9
DA:46,5
DA:47,5
DA:50,36
DA:51,4
DA:52,8
DA:53,4
DA:54,8
DA:55,4
DA:56,3
DA:59,32
DA:60,8
DA:61,8
DA:62,23
DA:63,8
DA:64,16
DA:65,8
DA:68,24
DA:69,3
DA:70,9
DA:71,3
DA:74,21
DA:75,2
DA:76,2
DA:77,2
DA:80,19
DA:81,4
DA:82,4
DA:83,4
DA:86,15
DA:87,4
DA:88,5
DA:89,4
DA:92,11
DA:93,1
DA:94,2
DA:95,1
DA:96,2
DA:97,1
DA:100,10
DA:101,4
DA:102,4
DA:103,4
DA:106,6
DA:107,4
DA:108,6
DA:109,4
DA:110,4
DA:113,2
DA:114,1
DA:115,1
DA:116,2
DA:117,1
DA:118,2
DA:119,1
DA:122,1
DA:123,0
DA:124,0
DA:125,0
DA:126,0
DA:127,0
DA:128,0
DA:131,1
DA:132,1
DA:133,2
DA:134,1
DA:135,1
DA:136,4
DA:137,1
DA:138,2
DA:139,1
DA:142,0
DA:145,5
DA:154,1
DA:156,5
DA:160,1
DA:172,1
DA:185,1
DA:186,0
DA:187,0
DA:188,0
DA:189,0
DA:191,0
DA:192,0
DA:196,1
DA:197,0
DA:198,0
DA:199,0
DA:202,0
DA:203,0
DA:204,0
DA:205,0
DA:206,0
DA:207,0
DA:209,0
DA:210,0
DA:214,1
DA:215,0
DA:216,0
DA:219,0
DA:220,0
DA:221,0
DA:230,0
DA:242,0
DA:252,0
DA:265,0
DA:267,0
LF:129
LH:95
BRDA:5,0,0,1
BRDA:5,0,1,0
BRDA:22,1,0,0
BRDA:25,2,0,4
BRDA:31,3,0,4
BRDA:34,4,0,4
BRDA:34,4,1,0
BRDA:37,5,0,3
BRDA:40,6,0,1
BRDA:40,6,1,2
BRDA:43,7,0,5
BRDA:46,8,0,0
BRDA:50,9,0,4
BRDA:53,10,0,0
BRDA:54,11,0,8
BRDA:54,11,1,4
BRDA:55,12,0,1
BRDA:59,13,0,8
BRDA:68,14,0,3
BRDA:74,15,0,2
BRDA:80,16,0,4
BRDA:86,17,0,4
BRDA:89,18,0,4
BRDA:89,18,1,0
BRDA:92,19,0,1
BRDA:95,20,0,0
BRDA:96,21,0,2
BRDA:96,21,1,1
BRDA:97,22,0,1
BRDA:97,22,1,0
BRDA:100,23,0,4
BRDA:102,24,0,4
BRDA:102,24,1,0
BRDA:106,25,0,4
BRDA:109,26,0,4
BRDA:113,27,0,1
BRDA:122,28,0,0
BRDA:131,29,0,1
BRDA:134,30,0,0
BRDA:160,31,0,1
BRDA:160,31,1,0
BRDA:172,32,0,1
BRDA:172,32,1,0
BRDA:186,33,0,0
BRDA:197,34,0,0
BRDA:215,35,0,0
BRF:46
BRH:30
end_of_record
TN:
SF:src\config\env.ts
FNF:0
FNH:0
DA:1,1
DA:2,1
DA:4,1
DA:6,1
LF:4
LH:4
BRDA:7,0,0,1
BRDA:7,0,1,0
BRDA:8,1,0,1
BRDA:8,1,1,0
BRDA:9,2,0,1
BRDA:9,2,1,0
BRDA:10,3,0,1
BRDA:10,3,1,0
BRDA:11,4,0,1
BRDA:11,4,1,0
BRDA:12,5,0,1
BRDA:12,5,1,0
BRDA:13,6,0,1
BRDA:13,6,1,0
BRDA:14,7,0,1
BRDA:14,7,1,0
BRDA:15,8,0,1
BRDA:15,8,1,0
BRDA:16,9,0,1
BRDA:16,9,1,0
BRDA:17,10,0,1
BRDA:17,10,1,0
BRF:22
BRH:11
end_of_record
TN:
SF:src\config\redis.ts
FN:9,(anonymous_1)
FN:12,(anonymous_2)
FN:17,(anonymous_3)
FN:28,(anonymous_4)
FN:32,(anonymous_5)
FNF:5
FNH:0
FNDA:0,(anonymous_1)
FNDA:0,(anonymous_2)
FNDA:0,(anonymous_3)
FNDA:0,(anonymous_4)
FNDA:0,(anonymous_5)
DA:1,1
DA:2,1
DA:3,1
DA:5,1
DA:10,0
DA:13,0
DA:17,1
DA:18,0
DA:19,0
DA:20,0
DA:21,0
DA:28,1
DA:29,0
DA:32,1
DA:33,0
DA:34,0
DA:35,0
DA:38,0
DA:39,0
DA:40,0
DA:41,0
DA:43,0
DA:44,0
DA:45,0
LF:24
LH:7
BRDA:19,0,0,0
BRDA:33,1,0,0
BRF:2
BRH:0
end_of_record
TN:
SF:src\config\swagger.ts
FNF:0
FNH:0
DA:1,1
DA:2,1
DA:4,1
DA:9,1
DA:32,1
LF:5
LH:5
BRF:0
BRH:0
end_of_record
TN:
SF:src\controllers\auth.controller.ts
FN:6,(anonymous_0)
FN:15,(anonymous_1)
FNF:2
FNH:2
FNDA:4,(anonymous_0)
FNDA:4,(anonymous_1)
DA:2,1
DA:4,1
DA:6,1
DA:7,4
DA:8,4
DA:9,4
DA:11,0
DA:15,1
DA:16,4
DA:17,4
DA:18,4
DA:20,0
LF:12
LH:10
BRF:0
BRH:0
end_of_record
TN:
SF:src\controllers\transaction.controller.ts
FN:6,(anonymous_0)
FN:15,(anonymous_1)
FN:24,(anonymous_2)
FN:33,(anonymous_3)
FNF:4
FNH:4
FNDA:1,(anonymous_0)
FNDA:1,(anonymous_1)
FNDA:4,(anonymous_2)
FNDA:1,(anonymous_3)
DA:2,1
DA:4,1
DA:6,1
DA:7,1
DA:8,1
DA:9,1
DA:11,0
DA:15,1
DA:16,1
DA:17,1
DA:18,1
DA:20,0
DA:24,1
DA:25,4
DA:26,4
DA:27,3
DA:29,1
DA:33,1
DA:34,1
DA:35,1
DA:36,1
DA:38,0
LF:22
LH:19
BRF:0
BRH:0
end_of_record
TN:
SF:src\controllers\wallet.controller.ts
FN:6,(anonymous_0)
FN:15,(anonymous_1)
FN:24,(anonymous_2)
FN:33,(anonymous_3)
FN:42,(anonymous_4)
FNF:5
FNH:5
FNDA:1,(anonymous_0)
FNDA:3,(anonymous_1)
FNDA:1,(anonymous_2)
FNDA:3,(anonymous_3)
FNDA:2,(anonymous_4)
DA:2,1
DA:4,1
DA:6,1
DA:7,1
DA:8,1
DA:9,1
DA:11,0
DA:15,1
DA:16,3
DA:17,3
DA:18,2
DA:20,1
DA:24,1
DA:25,1
DA:26,1
DA:27,1
DA:29,0
DA:33,1
DA:34,3
DA:35,3
DA:36,2
DA:38,1
DA:42,1
DA:43,2
DA:44,2
DA:45,1
DA:47,1
LF:27
LH:25
BRF:0
BRH:0
end_of_record
TN:
SF:src\middleware\auth.middleware.ts
FN:4,(anonymous_0)
FNF:1
FNH:1
FNDA:18,(anonymous_0)
DA:2,1
DA:4,1
DA:5,18
DA:6,18
DA:8,18
DA:9,1
DA:12,17
DA:13,17
DA:14,17
DA:15,17
DA:17,0
LF:11
LH:10
BRDA:8,0,0,1
BRF:1
BRH:1
end_of_record
TN:
SF:src\middleware\error.middleware.ts
FN:4,(anonymous_1)
FNF:1
FNH:1
FNDA:4,(anonymous_1)
DA:2,1
DA:4,1
DA:5,4
DA:7,4
DA:8,4
DA:10,4
DA:11,0
DA:12,4
DA:13,1
DA:14,3
DA:15,1
DA:16,2
DA:17,2
DA:20,4
LF:14
LH:13
BRDA:8,0,0,4
BRDA:8,0,1,0
BRDA:10,1,0,0
BRDA:10,1,1,4
BRDA:10,2,0,4
BRDA:10,2,1,4
BRDA:10,2,2,4
BRDA:10,2,3,4
BRDA:12,3,0,1
BRDA:12,3,1,3
BRDA:14,4,0,1
BRDA:14,4,1,2
BRDA:14,5,0,3
BRDA:14,5,1,3
BRDA:16,6,0,2
BRDA:16,7,0,2
BRDA:16,7,1,1
BRDA:16,7,2,1
BRF:18
BRH:16
end_of_record
TN:
SF:src\middleware\rateLimiter.middleware.ts
FNF:0
FNH:0
DA:1,1
DA:2,1
DA:4,1
LF:3
LH:3
BRF:0
BRH:0
end_of_record
TN:
SF:src\middleware\validation.middleware.ts
FN:4,(anonymous_0)
FNF:1
FNH:1
FNDA:16,(anonymous_0)
DA:2,1
DA:4,1
DA:5,16
DA:7,16
DA:8,0
DA:11,16
LF:6
LH:5
BRDA:7,0,0,0
BRF:1
BRH:0
end_of_record
TN:
SF:src\repositories\transaction.repository.ts
FN:6,(anonymous_0)
FN:12,(anonymous_1)
FN:18,(anonymous_2)
FN:24,(anonymous_3)
FN:30,(anonymous_4)
FN:41,(anonymous_5)
FN:47,(anonymous_6)
FN:101,(anonymous_7)
FNF:8
FNH:6
FNDA:1,(anonymous_0)
FNDA:2,(anonymous_1)
FNDA:0,(anonymous_2)
FNDA:0,(anonymous_3)
FNDA:1,(anonymous_4)
FNDA:2,(anonymous_5)
FNDA:4,(anonymous_6)
FNDA:1,(anonymous_7)
DA:1,1
DA:2,1
DA:5,1
DA:7,1
DA:12,2
DA:19,0
DA:24,0
DA:31,1
DA:41,2
DA:48,4
DA:49,4
DA:51,4
DA:52,4
DA:54,4
DA:59,4
DA:60,0
DA:63,4
DA:64,4
DA:65,4
DA:67,4
DA:68,1
DA:71,3
DA:73,3
DA:78,3
DA:83,3
DA:85,3
DA:94,1
DA:95,1
DA:97,4
DA:102,1
DA:103,1
DA:105,1
DA:106,1
DA:108,1
DA:117,1
DA:118,0
DA:121,1
DA:122,1
DA:123,1
DA:125,1
DA:126,0
DA:129,1
DA:131,1
DA:136,1
DA:141,1
DA:143,1
DA:152,0
DA:153,0
DA:155,1
LF:49
LH:42
BRDA:59,0,0,0
BRDA:67,1,0,1
BRDA:75,2,0,3
BRDA:75,2,1,0
BRDA:90,3,0,3
BRDA:90,3,1,0
BRDA:117,4,0,0
BRDA:125,5,0,0
BRDA:133,6,0,1
BRDA:133,6,1,0
BRDA:148,7,0,1
BRDA:148,7,1,0
BRF:12
BRH:5
end_of_record
TN:
SF:src\repositories\user.repository.ts
FN:7,(anonymous_0)
FN:22,(anonymous_1)
FNF:2
FNH:2
FNDA:4,(anonymous_0)
FNDA:4,(anonymous_1)
DA:1,1
DA:2,1
DA:3,1
DA:6,1
DA:8,4
DA:9,4
DA:11,4
DA:16,4
DA:23,4
DA:28,4
DA:29,0
DA:32,4
LF:12
LH:11
BRDA:28,0,0,0
BRF:1
BRH:0
end_of_record
TN:
SF:src\repositories\wallet.repository.ts
FN:6,(anonymous_0)
FN:26,(anonymous_1)
FN:50,(anonymous_2)
FN:55,(anonymous_3)
FN:58,(anonymous_4)
FN:92,(anonymous_5)
FNF:6
FNH:6
FNDA:5,(anonymous_0)
FNDA:4,(anonymous_1)
FNDA:8,(anonymous_2)
FNDA:16,(anonymous_3)
FNDA:3,(anonymous_4)
FNDA:3,(anonymous_5)
DA:1,1
DA:2,1
DA:5,1
DA:7,5
DA:12,5
DA:13,0
DA:16,5
DA:17,5
DA:19,5
DA:27,4
DA:36,4
DA:37,1
DA:40,3
DA:41,3
DA:43,3
DA:51,8
DA:55,16
DA:59,3
DA:64,3
DA:65,1
DA:68,2
DA:69,2
DA:71,2
DA:76,2
DA:81,2
DA:93,3
DA:98,3
DA:99,3
DA:100,1
DA:103,2
DA:104,2
DA:109,2
LF:32
LH:31
BRDA:12,0,0,0
BRDA:36,1,0,1
BRDA:64,2,0,1
BRDA:98,3,0,3
BRDA:98,3,1,0
BRDA:99,4,0,1
BRF:6
BRH:4
end_of_record
TN:
SF:src\routes\auth.routes.ts
FNF:0
FNH:0
DA:1,1
DA:2,1
DA:3,1
DA:5,1
DA:29,1
DA:53,1
DA:55,1
LF:7
LH:7
BRF:0
BRH:0
end_of_record
TN:
SF:src\routes\transaction.routes.ts
FNF:0
FNH:0
DA:1,1
DA:2,1
DA:3,1
DA:4,1
DA:6,1
DA:21,1
DA:42,1
DA:69,1
DA:102,1
DA:104,1
LF:10
LH:10
BRF:0
BRH:0
end_of_record
TN:
SF:src\routes\wallet.routes.ts
FNF:0
FNH:0
DA:1,1
DA:2,1
DA:9,1
DA:10,1
DA:12,1
DA:27,1
DA:53,1
DA:68,1
DA:83,1
DA:104,1
DA:106,1
LF:11
LH:11
BRF:0
BRH:0
end_of_record
TN:
SF:src\services\auth.service.ts
FN:8,(anonymous_0)
FN:12,(anonymous_1)
FNF:2
FNH:2
FNDA:4,(anonymous_0)
FNDA:4,(anonymous_1)
DA:1,1
DA:2,1
DA:3,1
DA:5,1
DA:7,1
DA:9,4
DA:13,4
DA:14,4
DA:15,0
DA:18,4
LF:10
LH:9
BRDA:14,0,0,0
BRDA:14,1,0,4
BRDA:14,1,1,4
BRF:3
BRH:2
end_of_record
TN:
SF:src\services\transaction.service.ts
FN:9,(anonymous_0)
FN:23,(anonymous_1)
FN:34,(anonymous_2)
FN:42,(anonymous_3)
FNF:4
FNH:4
FNDA:1,(anonymous_0)
FNDA:1,(anonymous_1)
FNDA:4,(anonymous_2)
FNDA:1,(anonymous_3)
DA:1,1
DA:2,1
DA:3,1
DA:5,1
DA:6,1
DA:8,1
DA:10,1
DA:12,1
DA:13,1
DA:14,1
DA:15,0
DA:18,1
DA:19,1
DA:20,1
DA:24,1
DA:26,1
DA:27,1
DA:28,0
DA:31,1
DA:35,4
DA:36,4
DA:37,3
DA:38,3
DA:39,3
DA:43,1
DA:45,1
DA:46,1
DA:47,0
DA:50,1
DA:51,1
DA:52,1
DA:53,1
LF:32
LH:29
BRDA:10,0,0,0
BRDA:14,1,0,0
BRDA:24,2,0,0
BRDA:27,3,0,0
BRDA:35,4,0,0
BRDA:43,5,0,0
BRDA:46,6,0,0
BRF:7
BRH:0
end_of_record
TN:
SF:src\services\wallet.service.ts
FN:7,(anonymous_0)
FN:21,(anonymous_1)
FN:32,(anonymous_2)
FN:39,(anonymous_3)
FN:50,(anonymous_4)
FNF:5
FNH:5
FNDA:1,(anonymous_0)
FNDA:2,(anonymous_1)
FNDA:3,(anonymous_2)
FNDA:1,(anonymous_3)
FNDA:3,(anonymous_4)
DA:1,1
DA:2,1
DA:4,1
DA:6,1
DA:8,1
DA:10,1
DA:11,1
DA:12,1
DA:13,0
DA:16,1
DA:17,1
DA:18,1
DA:22,2
DA:24,2
DA:25,2
DA:26,1
DA:29,1
DA:33,3
DA:34,3
DA:35,2
DA:36,2
DA:40,1
DA:42,1
DA:43,1
DA:44,0
DA:47,1
DA:51,3
DA:53,3
DA:54,3
DA:55,0
DA:58,3
DA:59,2
DA:60,2
LF:33
LH:30
BRDA:8,0,0,0
BRDA:12,1,0,0
BRDA:22,2,0,0
BRDA:25,3,0,1
BRDA:33,4,0,0
BRDA:40,5,0,0
BRDA:43,6,0,0
BRDA:47,7,0,1
BRDA:47,7,1,0
BRDA:51,8,0,0
BRDA:54,9,0,0
BRF:11
BRH:2
end_of_record
TN:
SF:src\utils\cache.ts
FN:3,(anonymous_0)
FN:6,(anonymous_1)
FN:19,(anonymous_2)
FN:31,(anonymous_3)
FNF:4
FNH:4
FNDA:16,(anonymous_0)
FNDA:2,(anonymous_1)
FNDA:2,(anonymous_2)
FNDA:12,(anonymous_3)
DA:1,1
DA:3,16
DA:5,1
DA:7,2
DA:8,2
DA:11,0
DA:12,0
DA:13,0
DA:15,0
DA:20,2
DA:21,2
DA:24,0
DA:25,0
DA:32,12
DA:33,12
DA:36,0
DA:37,0
LF:17
LH:9
BRDA:7,0,0,2
BRDA:13,1,0,0
BRDA:13,1,1,0
BRDA:19,2,0,0
BRDA:20,3,0,2
BRDA:32,4,0,12
BRF:6
BRH:3
end_of_record
TN:
SF:src\utils\jwt.ts
FN:4,(anonymous_1)
FN:8,(anonymous_2)
FNF:2
FNH:2
FNDA:4,(anonymous_1)
FNDA:17,(anonymous_2)
DA:1,1
DA:2,1
DA:4,1
DA:5,4
DA:8,1
DA:9,17
LF:6
LH:6
BRF:0
BRH:0
end_of_record
TN:
SF:src\utils\logger.ts
FNF:0
FNH:0
DA:1,1
DA:2,1
DA:4,1
DA:24,1
LF:4
LH:4
BRDA:5,0,0,0
BRDA:5,0,1,1
BRF:2
BRH:1
end_of_record
TN:
SF:src\utils\password.ts
FN:3,(anonymous_0)
FNF:1
FNH:1
FNDA:8,(anonymous_0)
DA:1,1
DA:3,1
DA:4,8
LF:3
LH:3
BRF:0
BRH:0
end_of_record
TN:
SF:src\utils\response.ts
FN:3,(anonymous_0)
FN:4,(anonymous_1)
FNF:2
FNH:2
FNDA:1,(anonymous_0)
FNDA:1,(anonymous_1)
DA:3,1
DA:4,1
LF:2
LH:2
BRDA:3,0,0,0
BRDA:4,1,0,0
BRF:2
BRH:0
end_of_record
TN:
SF:src\validators\auth.validator.ts
FNF:0
FNH:0
DA:1,1
DA:2,1
DA:4,1
LF:3
LH:3
BRF:0
BRH:0
end_of_record
TN:
SF:src\validators\index.ts
FNF:0
FNH:0
DA:1,1
DA:2,1
DA:3,1
LF:3
LH:3
BRF:0
BRH:0
end_of_record
TN:
SF:src\validators\transaction.validator.ts
FN:10,(anonymous_0)
FNF:1
FNH:1
FNDA:5,(anonymous_0)
DA:1,1
DA:2,1
DA:4,1
DA:10,5
LF:4
LH:4
BRF:0
BRH:0
end_of_record
TN:
SF:src\validators\wallet.validator.ts
FNF:0
FNH:0
DA:1,1
DA:2,1
DA:4,1
LF:3
LH:3
BRF:0
BRH:0
end_of_record
